<?xml version="1.0" encoding="UTF-8"?>
<testsuite xmlns:xsi="http://www.w3.org/2001/XMLSchema-instance" xsi:noNamespaceSchemaLocation="https://maven.apache.org/surefire/maven-surefire-plugin/xsd/surefire-test-report-3.0.xsd" version="3.0" name="com.example.chatserver.service.ChatRoomManagerTest" time="0.078" tests="9" errors="0" skipped="0" failures="0">
  <properties>
[...]
</properties>
  <testcase name="testLeaveRoom" classname="com.example.chatserver.service.ChatRoomManagerTest" time="0.006">
    <system-out><![CDATA[2025-10-31T19:50:20.738+05:30 DEBUG 13484 --- [RealTimeSecureChatApp] [           main] c.e.chatserver.service.ChatRoomManager   : Adding user Alice to room general
2025-10-31T19:50:20.738+05:30  INFO 13484 --- [RealTimeSecureChatApp] [           main] c.e.chatserver.service.ChatRoomManager   : Creating new room: general
2025-10-31T19:50:20.738+05:30  INFO 13484 --- [RealTimeSecureChatApp] [           main] c.e.chatserver.service.ChatRoomManager   : User Alice joined room general. Room size: 1
2025-10-31T19:50:20.738+05:30 DEBUG 13484 --- [RealTimeSecureChatApp] [           main] c.e.chatserver.service.ChatRoomManager   : Adding user Bob to room general
2025-10-31T19:50:20.738+05:30  INFO 13484 --- [RealTimeSecureChatApp] [           main] c.e.chatserver.service.ChatRoomManager   : User Bob joined room general. Room size: 2
2025-10-31T19:50:20.738+05:30 DEBUG 13484 --- [RealTimeSecureChatApp] [           main] c.e.chatserver.service.ChatRoomManager   : Removing user Alice from room general
2025-10-31T19:50:20.738+05:30  INFO 13484 --- [RealTimeSecureChatApp] [           main] c.e.chatserver.service.ChatRoomManager   : User Alice left room general. Room size: 1
]]></system-out>
  </testcase>
  <testcase name="testConcurrentJoinsToMultipleRooms" classname="com.example.chatserver.service.ChatRoomManagerTest" time="0.037">
    <system-out><![CDATA[2025-10-31T19:50:20.744+05:30 DEBUG 13484 --- [RealTimeSecureChatApp] [pool-3-thread-4] c.e.chatserver.service.ChatRoomManager   : Adding user User3 to room room0
2025-10-31T19:50:20.744+05:30 DEBUG 13484 --- [RealTimeSecureChatApp] [pool-3-thread-1] c.e.chatserver.service.ChatRoomManager   : Adding user User0 to room room0
2025-10-31T19:50:20.744+05:30  INFO 13484 --- [RealTimeSecureChatApp] [pool-3-thread-4] c.e.chatserver.service.ChatRoomManager   : Creating new room: room0
2025-10-31T19:50:20.744+05:30 DEBUG 13484 --- [RealTimeSecureChatApp] [pool-3-thread-3] c.e.chatserver.service.ChatRoomManager   : Adding user User2 to room room0
2025-10-31T19:50:20.744+05:30 DEBUG 13484 --- [RealTimeSecureChatApp] [pool-3-thread-2] c.e.chatserver.service.ChatRoomManager   : Adding user User1 to room room0
2025-10-31T19:50:20.744+05:30  INFO 13484 --- [RealTimeSecureChatApp] [pool-3-thread-4] c.e.chatserver.service.ChatRoomManager   : User User3 joined room room0. Room size: 1
2025-10-31T19:50:20.744+05:30  INFO 13484 --- [RealTimeSecureChatApp] [pool-3-thread-2] c.e.chatserver.service.ChatRoomManager   : User User1 joined room room0. Room size: 4
2025-10-31T19:50:20.744+05:30  INFO 13484 --- [RealTimeSecureChatApp] [pool-3-thread-1] c.e.chatserver.service.ChatRoomManager   : User User0 joined room room0. Room size: 3
2025-10-31T19:50:20.745+05:30 DEBUG 13484 --- [RealTimeSecureChatApp] [pool-3-thread-6] c.e.chatserver.service.ChatRoomManager   : Adding user User5 to room room0
2025-10-31T19:50:20.745+05:30 DEBUG 13484 --- [RealTimeSecureChatApp] [pool-3-thread-7] c.e.chatserver.service.ChatRoomManager   : Adding user User6 to room room0
2025-10-31T19:50:20.745+05:30  INFO 13484 --- [RealTimeSecureChatApp] [pool-3-thread-6] c.e.chatserver.service.ChatRoomManager   : User User5 joined room room0. Room size: 5
2025-10-31T19:50:20.744+05:30  INFO 13484 --- [RealTimeSecureChatApp] [pool-3-thread-3] c.e.chatserver.service.ChatRoomManager   : User User2 joined room room0. Room size: 3
2025-10-31T19:50:20.744+05:30 DEBUG 13484 --- [RealTimeSecureChatApp] [pool-3-thread-5] c.e.chatserver.service.ChatRoomManager   : Adding user User4 to room room0
2025-10-31T19:50:20.745+05:30  INFO 13484 --- [RealTimeSecureChatApp] [pool-3-thread-7] c.e.chatserver.service.ChatRoomManager   : User User6 joined room room0. Room size: 6
2025-10-31T19:50:20.745+05:30 DEBUG 13484 --- [RealTimeSecureChatApp] [pool-3-thread-8] c.e.chatserver.service.ChatRoomManager   : Adding user User7 to room room0
2025-10-31T19:50:20.745+05:30  INFO 13484 --- [RealTimeSecureChatApp] [pool-3-thread-5] c.e.chatserver.service.ChatRoomManager   : User User4 joined room room0. Room size: 7
2025-10-31T19:50:20.745+05:30  INFO 13484 --- [RealTimeSecureChatApp] [pool-3-thread-8] c.e.chatserver.service.ChatRoomManager   : User User7 joined room room0. Room size: 8
2025-10-31T19:50:20.745+05:30 DEBUG 13484 --- [RealTimeSecureChatApp] [pool-3-thread-9] c.e.chatserver.service.ChatRoomManager   : Adding user User8 to room room0
2025-10-31T19:50:20.745+05:30 DEBUG 13484 --- [RealTimeSecureChatApp] [ool-3-thread-10] c.e.chatserver.service.ChatRoomManager   : Adding user User9 to room room0
2025-10-31T19:50:20.745+05:30  INFO 13484 --- [RealTimeSecureChatApp] [pool-3-thread-9] c.e.chatserver.service.ChatRoomManager   : User User8 joined room room0. Room size: 9
2025-10-31T19:50:20.745+05:30 DEBUG 13484 --- [RealTimeSecureChatApp] [ool-3-thread-11] c.e.chatserver.service.ChatRoomManager   : Adding user User0 to room room1
2025-10-31T19:50:20.745+05:30  INFO 13484 --- [RealTimeSecureChatApp] [ool-3-thread-10] c.e.chatserver.service.ChatRoomManager   : User User9 joined room room0. Room size: 10
2025-10-31T19:50:20.745+05:30 DEBUG 13484 --- [RealTimeSecureChatApp] [ool-3-thread-12] c.e.chatserver.service.ChatRoomManager   : Adding user User1 to room room1
2025-10-31T19:50:20.745+05:30  INFO 13484 --- [RealTimeSecureChatApp] [ool-3-thread-11] c.e.chatserver.service.ChatRoomManager   : Creating new room: room1
2025-10-31T19:50:20.745+05:30 DEBUG 13484 --- [RealTimeSecureChatApp] [ool-3-thread-13] c.e.chatserver.service.ChatRoomManager   : Adding user User2 to room room1
2025-10-31T19:50:20.745+05:30  INFO 13484 --- [RealTimeSecureChatApp] [ool-3-thread-12] c.e.chatserver.service.ChatRoomManager   : User User1 joined room room1. Room size: 2
2025-10-31T19:50:20.745+05:30  INFO 13484 --- [RealTimeSecureChatApp] [ool-3-thread-11] c.e.chatserver.service.ChatRoomManager   : User User0 joined room room1. Room size: 1
2025-10-31T19:50:20.745+05:30  INFO 13484 --- [RealTimeSecureChatApp] [ool-3-thread-13] c.e.chatserver.service.ChatRoomManager   : User User2 joined room room1. Room size: 3
2025-10-31T19:50:20.745+05:30 DEBUG 13484 --- [RealTimeSecureChatApp] [ool-3-thread-15] c.e.chatserver.service.ChatRoomManager   : Adding user User4 to room room1
2025-10-31T19:50:20.746+05:30 DEBUG 13484 --- [RealTimeSecureChatApp] [ool-3-thread-14] c.e.chatserver.service.ChatRoomManager   : Adding user User3 to room room1
2025-10-31T19:50:20.746+05:30 DEBUG 13484 --- [RealTimeSecureChatApp] [ool-3-thread-16] c.e.chatserver.service.ChatRoomManager   : Adding user User5 to room room1
2025-10-31T19:50:20.746+05:30 DEBUG 13484 --- [RealTimeSecureChatApp] [ool-3-thread-17] c.e.chatserver.service.ChatRoomManager   : Adding user User6 to room room1
2025-10-31T19:50:20.746+05:30  INFO 13484 --- [RealTimeSecureChatApp] [ool-3-thread-15] c.e.chatserver.service.ChatRoomManager   : User User4 joined room room1. Room size: 4
2025-10-31T19:50:20.746+05:30 DEBUG 13484 --- [RealTimeSecureChatApp] [pool-3-thread-7] c.e.chatserver.service.ChatRoomManager   : Adding user User5 to room room2
2025-10-31T19:50:20.746+05:30 DEBUG 13484 --- [RealTimeSecureChatApp] [pool-3-thread-8] c.e.chatserver.service.ChatRoomManager   : Adding user User7 to room room2
2025-10-31T19:50:20.746+05:30  INFO 13484 --- [RealTimeSecureChatApp] [pool-3-thread-7] c.e.chatserver.service.ChatRoomManager   : Creating new room: room2
2025-10-31T19:50:20.746+05:30 DEBUG 13484 --- [RealTimeSecureChatApp] [pool-3-thread-4] c.e.chatserver.service.ChatRoomManager   : Adding user User0 to room room2
2025-10-31T19:50:20.746+05:30  INFO 13484 --- [RealTimeSecureChatApp] [pool-3-thread-7] c.e.chatserver.service.ChatRoomManager   : User User5 joined room room2. Room size: 1
2025-10-31T19:50:20.746+05:30 DEBUG 13484 --- [RealTimeSecureChatApp] [ool-3-thread-15] c.e.chatserver.service.ChatRoomManager   : Adding user User0 to room room3
2025-10-31T19:50:20.746+05:30 DEBUG 13484 --- [RealTimeSecureChatApp] [pool-3-thread-7] c.e.chatserver.service.ChatRoomManager   : Adding user User1 to room room3
2025-10-31T19:50:20.746+05:30  INFO 13484 --- [RealTimeSecureChatApp] [ool-3-thread-14] c.e.chatserver.service.ChatRoomManager   : User User3 joined room room1. Room size: 5
2025-10-31T19:50:20.746+05:30 DEBUG 13484 --- [RealTimeSecureChatApp] [ool-3-thread-11] c.e.chatserver.service.ChatRoomManager   : Adding user User3 to room room3
2025-10-31T19:50:20.746+05:30 DEBUG 13484 --- [RealTimeSecureChatApp] [ool-3-thread-14] c.e.chatserver.service.ChatRoomManager   : Adding user User5 to room room3
2025-10-31T19:50:20.746+05:30 DEBUG 13484 --- [RealTimeSecureChatApp] [pool-3-thread-2] c.e.chatserver.service.ChatRoomManager   : Adding user User1 to room room2
2025-10-31T19:50:20.746+05:30 DEBUG 13484 --- [RealTimeSecureChatApp] [pool-3-thread-1] c.e.chatserver.service.ChatRoomManager   : Adding user User2 to room room2
2025-10-31T19:50:20.746+05:30 DEBUG 13484 --- [RealTimeSecureChatApp] [pool-3-thread-6] c.e.chatserver.service.ChatRoomManager   : Adding user User3 to room room2
2025-10-31T19:50:20.747+05:30  INFO 13484 --- [RealTimeSecureChatApp] [pool-3-thread-1] c.e.chatserver.service.ChatRoomManager   : User User2 joined room room2. Room size: 5
2025-10-31T19:50:20.746+05:30 DEBUG 13484 --- [RealTimeSecureChatApp] [pool-3-thread-3] c.e.chatserver.service.ChatRoomManager   : Adding user User4 to room room2
2025-10-31T19:50:20.747+05:30 DEBUG 13484 --- [RealTimeSecureChatApp] [pool-3-thread-1] c.e.chatserver.service.ChatRoomManager   : Adding user User6 to room room3
2025-10-31T19:50:20.746+05:30  INFO 13484 --- [RealTimeSecureChatApp] [ool-3-thread-17] c.e.chatserver.service.ChatRoomManager   : User User6 joined room room1. Room size: 6
2025-10-31T19:50:20.746+05:30 DEBUG 13484 --- [RealTimeSecureChatApp] [pool-3-thread-5] c.e.chatserver.service.ChatRoomManager   : Adding user User6 to room room2
2025-10-31T19:50:20.746+05:30 DEBUG 13484 --- [RealTimeSecureChatApp] [pool-3-thread-9] c.e.chatserver.service.ChatRoomManager   : Adding user User8 to room room2
2025-10-31T19:50:20.746+05:30  INFO 13484 --- [RealTimeSecureChatApp] [ool-3-thread-16] c.e.chatserver.service.ChatRoomManager   : User User5 joined room room1. Room size: 7
2025-10-31T19:50:20.746+05:30 DEBUG 13484 --- [RealTimeSecureChatApp] [ool-3-thread-10] c.e.chatserver.service.ChatRoomManager   : Adding user User9 to room room2
2025-10-31T19:50:20.746+05:30  INFO 13484 --- [RealTimeSecureChatApp] [pool-3-thread-8] c.e.chatserver.service.ChatRoomManager   : User User7 joined room room2. Room size: 2
2025-10-31T19:50:20.747+05:30  INFO 13484 --- [RealTimeSecureChatApp] [ool-3-thread-10] c.e.chatserver.service.ChatRoomManager   : User User9 joined room room2. Room size: 10
2025-10-31T19:50:20.746+05:30  INFO 13484 --- [RealTimeSecureChatApp] [pool-3-thread-4] c.e.chatserver.service.ChatRoomManager   : User User0 joined room room2. Room size: 3
2025-10-31T19:50:20.747+05:30 DEBUG 13484 --- [RealTimeSecureChatApp] [ool-3-thread-10] c.e.chatserver.service.ChatRoomManager   : Adding user User0 to room room4
2025-10-31T19:50:20.746+05:30 DEBUG 13484 --- [RealTimeSecureChatApp] [ool-3-thread-12] c.e.chatserver.service.ChatRoomManager   : Adding user User2 to room room3
2025-10-31T19:50:20.746+05:30  INFO 13484 --- [RealTimeSecureChatApp] [ool-3-thread-15] c.e.chatserver.service.ChatRoomManager   : Creating new room: room3
2025-10-31T19:50:20.747+05:30 DEBUG 13484 --- [RealTimeSecureChatApp] [pool-3-thread-4] c.e.chatserver.service.ChatRoomManager   : Adding user User1 to room room4
2025-10-31T19:50:20.746+05:30 DEBUG 13484 --- [RealTimeSecureChatApp] [ool-3-thread-13] c.e.chatserver.service.ChatRoomManager   : Adding user User4 to room room3
2025-10-31T19:50:20.747+05:30  INFO 13484 --- [RealTimeSecureChatApp] [pool-3-thread-7] c.e.chatserver.service.ChatRoomManager   : User User1 joined room room3. Room size: 6
2025-10-31T19:50:20.747+05:30  INFO 13484 --- [RealTimeSecureChatApp] [ool-3-thread-13] c.e.chatserver.service.ChatRoomManager   : User User4 joined room room3. Room size: 7
2025-10-31T19:50:20.747+05:30 DEBUG 13484 --- [RealTimeSecureChatApp] [pool-3-thread-7] c.e.chatserver.service.ChatRoomManager   : Adding user User2 to room room4
2025-10-31T19:50:20.746+05:30 DEBUG 13484 --- [RealTimeSecureChatApp] [ool-3-thread-18] c.e.chatserver.service.ChatRoomManager   : Adding user User7 to room room1
2025-10-31T19:50:20.746+05:30 DEBUG 13484 --- [RealTimeSecureChatApp] [ool-3-thread-19] c.e.chatserver.service.ChatRoomManager   : Adding user User8 to room room1
2025-10-31T19:50:20.747+05:30 DEBUG 13484 --- [RealTimeSecureChatApp] [ool-3-thread-20] c.e.chatserver.service.ChatRoomManager   : Adding user User9 to room room1
2025-10-31T19:50:20.747+05:30  INFO 13484 --- [RealTimeSecureChatApp] [pool-3-thread-2] c.e.chatserver.service.ChatRoomManager   : User User1 joined room room2. Room size: 4
2025-10-31T19:50:20.748+05:30  INFO 13484 --- [RealTimeSecureChatApp] [ool-3-thread-20] c.e.chatserver.service.ChatRoomManager   : User User9 joined room room1. Room size: 10
2025-10-31T19:50:20.747+05:30  INFO 13484 --- [RealTimeSecureChatApp] [pool-3-thread-6] c.e.chatserver.service.ChatRoomManager   : User User3 joined room room2. Room size: 6
2025-10-31T19:50:20.747+05:30  INFO 13484 --- [RealTimeSecureChatApp] [pool-3-thread-3] c.e.chatserver.service.ChatRoomManager   : User User4 joined room room2. Room size: 7
2025-10-31T19:50:20.748+05:30 DEBUG 13484 --- [RealTimeSecureChatApp] [pool-3-thread-6] c.e.chatserver.service.ChatRoomManager   : Adding user User6 to room room4
2025-10-31T19:50:20.748+05:30 DEBUG 13484 --- [RealTimeSecureChatApp] [pool-3-thread-3] c.e.chatserver.service.ChatRoomManager   : Adding user User7 to room room4
2025-10-31T19:50:20.747+05:30 DEBUG 13484 --- [RealTimeSecureChatApp] [ool-3-thread-17] c.e.chatserver.service.ChatRoomManager   : Adding user User7 to room room3
2025-10-31T19:50:20.747+05:30  INFO 13484 --- [RealTimeSecureChatApp] [pool-3-thread-5] c.e.chatserver.service.ChatRoomManager   : User User6 joined room room2. Room size: 8
2025-10-31T19:50:20.747+05:30  INFO 13484 --- [RealTimeSecureChatApp] [pool-3-thread-9] c.e.chatserver.service.ChatRoomManager   : User User8 joined room room2. Room size: 9
2025-10-31T19:50:20.747+05:30 DEBUG 13484 --- [RealTimeSecureChatApp] [ool-3-thread-16] c.e.chatserver.service.ChatRoomManager   : Adding user User8 to room room3
2025-10-31T19:50:20.747+05:30 DEBUG 13484 --- [RealTimeSecureChatApp] [pool-3-thread-8] c.e.chatserver.service.ChatRoomManager   : Adding user User9 to room room3
2025-10-31T19:50:20.747+05:30  INFO 13484 --- [RealTimeSecureChatApp] [ool-3-thread-10] c.e.chatserver.service.ChatRoomManager   : Creating new room: room4
2025-10-31T19:50:20.747+05:30  INFO 13484 --- [RealTimeSecureChatApp] [ool-3-thread-12] c.e.chatserver.service.ChatRoomManager   : User User2 joined room room3. Room size: 2
2025-10-31T19:50:20.748+05:30  INFO 13484 --- [RealTimeSecureChatApp] [pool-3-thread-3] c.e.chatserver.service.ChatRoomManager   : User User7 joined room room4. Room size: 2
2025-10-31T19:50:20.748+05:30 DEBUG 13484 --- [RealTimeSecureChatApp] [ool-3-thread-12] c.e.chatserver.service.ChatRoomManager   : Adding user User0 to room room5
2025-10-31T19:50:20.747+05:30  INFO 13484 --- [RealTimeSecureChatApp] [ool-3-thread-15] c.e.chatserver.service.ChatRoomManager   : User User0 joined room room3. Room size: 1
2025-10-31T19:50:20.747+05:30  INFO 13484 --- [RealTimeSecureChatApp] [ool-3-thread-14] c.e.chatserver.service.ChatRoomManager   : User User5 joined room room3. Room size: 4
2025-10-31T19:50:20.747+05:30  INFO 13484 --- [RealTimeSecureChatApp] [pool-3-thread-1] c.e.chatserver.service.ChatRoomManager   : User User6 joined room room3. Room size: 3
2025-10-31T19:50:20.747+05:30  INFO 13484 --- [RealTimeSecureChatApp] [ool-3-thread-11] c.e.chatserver.service.ChatRoomManager   : User User3 joined room room3. Room size: 5
2025-10-31T19:50:20.748+05:30 DEBUG 13484 --- [RealTimeSecureChatApp] [pool-3-thread-1] c.e.chatserver.service.ChatRoomManager   : Adding user User4 to room room5
2025-10-31T19:50:20.747+05:30 DEBUG 13484 --- [RealTimeSecureChatApp] [ool-3-thread-13] c.e.chatserver.service.ChatRoomManager   : Adding user User3 to room room4
2025-10-31T19:50:20.748+05:30  INFO 13484 --- [RealTimeSecureChatApp] [ool-3-thread-18] c.e.chatserver.service.ChatRoomManager   : User User7 joined room room1. Room size: 8
2025-10-31T19:50:20.748+05:30  INFO 13484 --- [RealTimeSecureChatApp] [ool-3-thread-13] c.e.chatserver.service.ChatRoomManager   : User User3 joined room room4. Room size: 6
2025-10-31T19:50:20.748+05:30  INFO 13484 --- [RealTimeSecureChatApp] [ool-3-thread-19] c.e.chatserver.service.ChatRoomManager   : User User8 joined room room1. Room size: 9
2025-10-31T19:50:20.748+05:30 DEBUG 13484 --- [RealTimeSecureChatApp] [ool-3-thread-20] c.e.chatserver.service.ChatRoomManager   : Adding user User5 to room room4
2025-10-31T19:50:20.749+05:30 DEBUG 13484 --- [RealTimeSecureChatApp] [ool-3-thread-19] c.e.chatserver.service.ChatRoomManager   : Adding user User8 to room room5
2025-10-31T19:50:20.749+05:30  INFO 13484 --- [RealTimeSecureChatApp] [ool-3-thread-20] c.e.chatserver.service.ChatRoomManager   : User User5 joined room room4. Room size: 7
2025-10-31T19:50:20.748+05:30 DEBUG 13484 --- [RealTimeSecureChatApp] [pool-3-thread-2] c.e.chatserver.service.ChatRoomManager   : Adding user User4 to room room4
2025-10-31T19:50:20.748+05:30  INFO 13484 --- [RealTimeSecureChatApp] [ool-3-thread-17] c.e.chatserver.service.ChatRoomManager   : User User7 joined room room3. Room size: 8
2025-10-31T19:50:20.748+05:30 DEBUG 13484 --- [RealTimeSecureChatApp] [pool-3-thread-5] c.e.chatserver.service.ChatRoomManager   : Adding user User8 to room room4
2025-10-31T19:50:20.749+05:30 DEBUG 13484 --- [RealTimeSecureChatApp] [ool-3-thread-17] c.e.chatserver.service.ChatRoomManager   : Adding user User0 to room room6
2025-10-31T19:50:20.748+05:30  INFO 13484 --- [RealTimeSecureChatApp] [ool-3-thread-16] c.e.chatserver.service.ChatRoomManager   : User User8 joined room room3. Room size: 9
2025-10-31T19:50:20.749+05:30  INFO 13484 --- [RealTimeSecureChatApp] [ool-3-thread-17] c.e.chatserver.service.ChatRoomManager   : Creating new room: room6
2025-10-31T19:50:20.748+05:30 DEBUG 13484 --- [RealTimeSecureChatApp] [pool-3-thread-9] c.e.chatserver.service.ChatRoomManager   : Adding user User9 to room room4
2025-10-31T19:50:20.749+05:30  INFO 13484 --- [RealTimeSecureChatApp] [ool-3-thread-17] c.e.chatserver.service.ChatRoomManager   : User User0 joined room room6. Room size: 1
2025-10-31T19:50:20.748+05:30  INFO 13484 --- [RealTimeSecureChatApp] [pool-3-thread-8] c.e.chatserver.service.ChatRoomManager   : User User9 joined room room3. Room size: 10
2025-10-31T19:50:20.749+05:30 DEBUG 13484 --- [RealTimeSecureChatApp] [pool-3-thread-8] c.e.chatserver.service.ChatRoomManager   : Adding user User3 to room room6
2025-10-31T19:50:20.749+05:30  INFO 13484 --- [RealTimeSecureChatApp] [pool-3-thread-8] c.e.chatserver.service.ChatRoomManager   : User User3 joined room room6. Room size: 2
2025-10-31T19:50:20.749+05:30 DEBUG 13484 --- [RealTimeSecureChatApp] [pool-3-thread-8] c.e.chatserver.service.ChatRoomManager   : Adding user User4 to room room6
2025-10-31T19:50:20.749+05:30  INFO 13484 --- [RealTimeSecureChatApp] [pool-3-thread-8] c.e.chatserver.service.ChatRoomManager   : User User4 joined room room6. Room size: 3
2025-10-31T19:50:20.748+05:30  INFO 13484 --- [RealTimeSecureChatApp] [ool-3-thread-10] c.e.chatserver.service.ChatRoomManager   : User User0 joined room room4. Room size: 1
2025-10-31T19:50:20.748+05:30  INFO 13484 --- [RealTimeSecureChatApp] [pool-3-thread-6] c.e.chatserver.service.ChatRoomManager   : User User6 joined room room4. Room size: 3
2025-10-31T19:50:20.749+05:30 DEBUG 13484 --- [RealTimeSecureChatApp] [ool-3-thread-10] c.e.chatserver.service.ChatRoomManager   : Adding user User6 to room room6
2025-10-31T19:50:20.749+05:30 DEBUG 13484 --- [RealTimeSecureChatApp] [pool-3-thread-6] c.e.chatserver.service.ChatRoomManager   : Adding user User7 to room room6
2025-10-31T19:50:20.748+05:30  INFO 13484 --- [RealTimeSecureChatApp] [pool-3-thread-7] c.e.chatserver.service.ChatRoomManager   : User User2 joined room room4. Room size: 4
2025-10-31T19:50:20.749+05:30  INFO 13484 --- [RealTimeSecureChatApp] [pool-3-thread-6] c.e.chatserver.service.ChatRoomManager   : User User7 joined room room6. Room size: 5
2025-10-31T19:50:20.748+05:30  INFO 13484 --- [RealTimeSecureChatApp] [ool-3-thread-12] c.e.chatserver.service.ChatRoomManager   : Creating new room: room5
2025-10-31T19:50:20.749+05:30 DEBUG 13484 --- [RealTimeSecureChatApp] [pool-3-thread-6] c.e.chatserver.service.ChatRoomManager   : Adding user User9 to room room6
2025-10-31T19:50:20.750+05:30  INFO 13484 --- [RealTimeSecureChatApp] [pool-3-thread-6] c.e.chatserver.service.ChatRoomManager   : User User9 joined room room6. Room size: 6
2025-10-31T19:50:20.748+05:30  INFO 13484 --- [RealTimeSecureChatApp] [pool-3-thread-4] c.e.chatserver.service.ChatRoomManager   : User User1 joined room room4. Room size: 5
2025-10-31T19:50:20.748+05:30 DEBUG 13484 --- [RealTimeSecureChatApp] [pool-3-thread-3] c.e.chatserver.service.ChatRoomManager   : Adding user User1 to room room5
2025-10-31T19:50:20.748+05:30 DEBUG 13484 --- [RealTimeSecureChatApp] [ool-3-thread-15] c.e.chatserver.service.ChatRoomManager   : Adding user User2 to room room5
2025-10-31T19:50:20.748+05:30 DEBUG 13484 --- [RealTimeSecureChatApp] [ool-3-thread-14] c.e.chatserver.service.ChatRoomManager   : Adding user User3 to room room5
2025-10-31T19:50:20.750+05:30  INFO 13484 --- [RealTimeSecureChatApp] [ool-3-thread-15] c.e.chatserver.service.ChatRoomManager   : User User2 joined room room5. Room size: 5
2025-10-31T19:50:20.750+05:30  INFO 13484 --- [RealTimeSecureChatApp] [ool-3-thread-14] c.e.chatserver.service.ChatRoomManager   : User User3 joined room room5. Room size: 6
2025-10-31T19:50:20.748+05:30 DEBUG 13484 --- [RealTimeSecureChatApp] [ool-3-thread-11] c.e.chatserver.service.ChatRoomManager   : Adding user User5 to room room5
2025-10-31T19:50:20.749+05:30 DEBUG 13484 --- [RealTimeSecureChatApp] [ool-3-thread-18] c.e.chatserver.service.ChatRoomManager   : Adding user User6 to room room5
2025-10-31T19:50:20.750+05:30  INFO 13484 --- [RealTimeSecureChatApp] [ool-3-thread-11] c.e.chatserver.service.ChatRoomManager   : User User5 joined room room5. Room size: 7
2025-10-31T19:50:20.749+05:30 DEBUG 13484 --- [RealTimeSecureChatApp] [ool-3-thread-13] c.e.chatserver.service.ChatRoomManager   : Adding user User7 to room room5
2025-10-31T19:50:20.749+05:30 DEBUG 13484 --- [RealTimeSecureChatApp] [ool-3-thread-20] c.e.chatserver.service.ChatRoomManager   : Adding user User9 to room room5
2025-10-31T19:50:20.749+05:30  INFO 13484 --- [RealTimeSecureChatApp] [pool-3-thread-2] c.e.chatserver.service.ChatRoomManager   : User User4 joined room room4. Room size: 8
2025-10-31T19:50:20.750+05:30  INFO 13484 --- [RealTimeSecureChatApp] [ool-3-thread-20] c.e.chatserver.service.ChatRoomManager   : User User9 joined room room5. Room size: 10
2025-10-31T19:50:20.750+05:30 DEBUG 13484 --- [RealTimeSecureChatApp] [pool-3-thread-2] c.e.chatserver.service.ChatRoomManager   : Adding user User5 to room room7
2025-10-31T19:50:20.749+05:30  INFO 13484 --- [RealTimeSecureChatApp] [pool-3-thread-5] c.e.chatserver.service.ChatRoomManager   : User User8 joined room room4. Room size: 9
2025-10-31T19:50:20.749+05:30 DEBUG 13484 --- [RealTimeSecureChatApp] [ool-3-thread-16] c.e.chatserver.service.ChatRoomManager   : Adding user User1 to room room6
2025-10-31T19:50:20.750+05:30 DEBUG 13484 --- [RealTimeSecureChatApp] [pool-3-thread-5] c.e.chatserver.service.ChatRoomManager   : Adding user User7 to room room7
2025-10-31T19:50:20.750+05:30  INFO 13484 --- [RealTimeSecureChatApp] [ool-3-thread-16] c.e.chatserver.service.ChatRoomManager   : User User1 joined room room6. Room size: 7
2025-10-31T19:50:20.749+05:30  INFO 13484 --- [RealTimeSecureChatApp] [pool-3-thread-9] c.e.chatserver.service.ChatRoomManager   : User User9 joined room room4. Room size: 10
2025-10-31T19:50:20.750+05:30 DEBUG 13484 --- [RealTimeSecureChatApp] [ool-3-thread-16] c.e.chatserver.service.ChatRoomManager   : Adding user User8 to room room7
2025-10-31T19:50:20.750+05:30 DEBUG 13484 --- [RealTimeSecureChatApp] [pool-3-thread-9] c.e.chatserver.service.ChatRoomManager   : Adding user User9 to room room7
2025-10-31T19:50:20.749+05:30 DEBUG 13484 --- [RealTimeSecureChatApp] [ool-3-thread-17] c.e.chatserver.service.ChatRoomManager   : Adding user User2 to room room6
2025-10-31T19:50:20.749+05:30 DEBUG 13484 --- [RealTimeSecureChatApp] [pool-3-thread-8] c.e.chatserver.service.ChatRoomManager   : Adding user User5 to room room6
2025-10-31T19:50:20.749+05:30  INFO 13484 --- [RealTimeSecureChatApp] [ool-3-thread-10] c.e.chatserver.service.ChatRoomManager   : User User6 joined room room6. Room size: 4
2025-10-31T19:50:20.749+05:30 DEBUG 13484 --- [RealTimeSecureChatApp] [pool-3-thread-7] c.e.chatserver.service.ChatRoomManager   : Adding user User8 to room room6
2025-10-31T19:50:20.751+05:30  INFO 13484 --- [RealTimeSecureChatApp] [pool-3-thread-8] c.e.chatserver.service.ChatRoomManager   : User User5 joined room room6. Room size: 9
2025-10-31T19:50:20.751+05:30  INFO 13484 --- [RealTimeSecureChatApp] [pool-3-thread-7] c.e.chatserver.service.ChatRoomManager   : User User8 joined room room6. Room size: 10
2025-10-31T19:50:20.749+05:30  INFO 13484 --- [RealTimeSecureChatApp] [ool-3-thread-12] c.e.chatserver.service.ChatRoomManager   : User User0 joined room room5. Room size: 1
2025-10-31T19:50:20.751+05:30 DEBUG 13484 --- [RealTimeSecureChatApp] [pool-3-thread-7] c.e.chatserver.service.ChatRoomManager   : Adding user User2 to room room8
2025-10-31T19:50:20.749+05:30  INFO 13484 --- [RealTimeSecureChatApp] [ool-3-thread-19] c.e.chatserver.service.ChatRoomManager   : User User8 joined room room5. Room size: 2
2025-10-31T19:50:20.750+05:30  INFO 13484 --- [RealTimeSecureChatApp] [pool-3-thread-1] c.e.chatserver.service.ChatRoomManager   : User User4 joined room room5. Room size: 3
2025-10-31T19:50:20.750+05:30 DEBUG 13484 --- [RealTimeSecureChatApp] [pool-3-thread-6] c.e.chatserver.service.ChatRoomManager   : Adding user User0 to room room7
2025-10-31T19:50:20.751+05:30 DEBUG 13484 --- [RealTimeSecureChatApp] [pool-3-thread-1] c.e.chatserver.service.ChatRoomManager   : Adding user User5 to room room8
2025-10-31T19:50:20.750+05:30 DEBUG 13484 --- [RealTimeSecureChatApp] [pool-3-thread-4] c.e.chatserver.service.ChatRoomManager   : Adding user User1 to room room7
2025-10-31T19:50:20.750+05:30  INFO 13484 --- [RealTimeSecureChatApp] [pool-3-thread-3] c.e.chatserver.service.ChatRoomManager   : User User1 joined room room5. Room size: 4
2025-10-31T19:50:20.750+05:30 DEBUG 13484 --- [RealTimeSecureChatApp] [ool-3-thread-15] c.e.chatserver.service.ChatRoomManager   : Adding user User2 to room room7
2025-10-31T19:50:20.751+05:30 DEBUG 13484 --- [RealTimeSecureChatApp] [pool-3-thread-3] c.e.chatserver.service.ChatRoomManager   : Adding user User6 to room room8
2025-10-31T19:50:20.750+05:30 DEBUG 13484 --- [RealTimeSecureChatApp] [ool-3-thread-14] c.e.chatserver.service.ChatRoomManager   : Adding user User3 to room room7
2025-10-31T19:50:20.750+05:30  INFO 13484 --- [RealTimeSecureChatApp] [ool-3-thread-18] c.e.chatserver.service.ChatRoomManager   : User User6 joined room room5. Room size: 8
2025-10-31T19:50:20.750+05:30 DEBUG 13484 --- [RealTimeSecureChatApp] [ool-3-thread-11] c.e.chatserver.service.ChatRoomManager   : Adding user User4 to room room7
2025-10-31T19:50:20.750+05:30  INFO 13484 --- [RealTimeSecureChatApp] [ool-3-thread-13] c.e.chatserver.service.ChatRoomManager   : User User7 joined room room5. Room size: 9
2025-10-31T19:50:20.750+05:30  INFO 13484 --- [RealTimeSecureChatApp] [pool-3-thread-2] c.e.chatserver.service.ChatRoomManager   : Creating new room: room7
2025-10-31T19:50:20.751+05:30 DEBUG 13484 --- [RealTimeSecureChatApp] [ool-3-thread-13] c.e.chatserver.service.ChatRoomManager   : Adding user User8 to room room8
2025-10-31T19:50:20.750+05:30 DEBUG 13484 --- [RealTimeSecureChatApp] [ool-3-thread-20] c.e.chatserver.service.ChatRoomManager   : Adding user User6 to room room7
2025-10-31T19:50:20.751+05:30  INFO 13484 --- [RealTimeSecureChatApp] [pool-3-thread-2] c.e.chatserver.service.ChatRoomManager   : User User5 joined room room7. Room size: 1
2025-10-31T19:50:20.751+05:30  INFO 13484 --- [RealTimeSecureChatApp] [ool-3-thread-20] c.e.chatserver.service.ChatRoomManager   : User User6 joined room room7. Room size: 3
2025-10-31T19:50:20.751+05:30 DEBUG 13484 --- [RealTimeSecureChatApp] [pool-3-thread-2] c.e.chatserver.service.ChatRoomManager   : Adding user User9 to room room8
2025-10-31T19:50:20.751+05:30 DEBUG 13484 --- [RealTimeSecureChatApp] [ool-3-thread-20] c.e.chatserver.service.ChatRoomManager   : Adding user User0 to room room9
2025-10-31T19:50:20.751+05:30  INFO 13484 --- [RealTimeSecureChatApp] [pool-3-thread-6] c.e.chatserver.service.ChatRoomManager   : User User0 joined room room7. Room size: 7
2025-10-31T19:50:20.750+05:30  INFO 13484 --- [RealTimeSecureChatApp] [ool-3-thread-17] c.e.chatserver.service.ChatRoomManager   : User User2 joined room room6. Room size: 8
2025-10-31T19:50:20.751+05:30 DEBUG 13484 --- [RealTimeSecureChatApp] [ool-3-thread-10] c.e.chatserver.service.ChatRoomManager   : Adding user User0 to room room8
2025-10-31T19:50:20.751+05:30  INFO 13484 --- [RealTimeSecureChatApp] [pool-3-thread-7] c.e.chatserver.service.ChatRoomManager   : Creating new room: room8
2025-10-31T19:50:20.751+05:30 DEBUG 13484 --- [RealTimeSecureChatApp] [pool-3-thread-8] c.e.chatserver.service.ChatRoomManager   : Adding user User1 to room room8
2025-10-31T19:50:20.751+05:30 DEBUG 13484 --- [RealTimeSecureChatApp] [ool-3-thread-12] c.e.chatserver.service.ChatRoomManager   : Adding user User3 to room room8
2025-10-31T19:50:20.752+05:30  INFO 13484 --- [RealTimeSecureChatApp] [pool-3-thread-8] c.e.chatserver.service.ChatRoomManager   : User User1 joined room room8. Room size: 3
2025-10-31T19:50:20.752+05:30  INFO 13484 --- [RealTimeSecureChatApp] [ool-3-thread-13] c.e.chatserver.service.ChatRoomManager   : User User8 joined room room8. Room size: 5
2025-10-31T19:50:20.752+05:30 DEBUG 13484 --- [RealTimeSecureChatApp] [pool-3-thread-8] c.e.chatserver.service.ChatRoomManager   : Adding user User3 to room room9
2025-10-31T19:50:20.751+05:30 DEBUG 13484 --- [RealTimeSecureChatApp] [ool-3-thread-19] c.e.chatserver.service.ChatRoomManager   : Adding user User4 to room room8
2025-10-31T19:50:20.751+05:30 DEBUG 13484 --- [RealTimeSecureChatApp] [ool-3-thread-18] c.e.chatserver.service.ChatRoomManager   : Adding user User7 to room room8
2025-10-31T19:50:20.752+05:30  INFO 13484 --- [RealTimeSecureChatApp] [ool-3-thread-19] c.e.chatserver.service.ChatRoomManager   : User User4 joined room room8. Room size: 9
2025-10-31T19:50:20.752+05:30  INFO 13484 --- [RealTimeSecureChatApp] [ool-3-thread-18] c.e.chatserver.service.ChatRoomManager   : User User7 joined room room8. Room size: 10
2025-10-31T19:50:20.751+05:30  INFO 13484 --- [RealTimeSecureChatApp] [ool-3-thread-11] c.e.chatserver.service.ChatRoomManager   : User User4 joined room room7. Room size: 2
2025-10-31T19:50:20.752+05:30 DEBUG 13484 --- [RealTimeSecureChatApp] [ool-3-thread-18] c.e.chatserver.service.ChatRoomManager   : Adding user User6 to room room9
2025-10-31T19:50:20.751+05:30  INFO 13484 --- [RealTimeSecureChatApp] [ool-3-thread-15] c.e.chatserver.service.ChatRoomManager   : User User2 joined room room7. Room size: 4
2025-10-31T19:50:20.751+05:30  INFO 13484 --- [RealTimeSecureChatApp] [ool-3-thread-14] c.e.chatserver.service.ChatRoomManager   : User User3 joined room room7. Room size: 5
2025-10-31T19:50:20.752+05:30 DEBUG 13484 --- [RealTimeSecureChatApp] [ool-3-thread-15] c.e.chatserver.service.ChatRoomManager   : Adding user User8 to room room9
2025-10-31T19:50:20.751+05:30  INFO 13484 --- [RealTimeSecureChatApp] [pool-3-thread-4] c.e.chatserver.service.ChatRoomManager   : User User1 joined room room7. Room size: 6
2025-10-31T19:50:20.751+05:30  INFO 13484 --- [RealTimeSecureChatApp] [pool-3-thread-9] c.e.chatserver.service.ChatRoomManager   : User User9 joined room room7. Room size: 8
2025-10-31T19:50:20.752+05:30 DEBUG 13484 --- [RealTimeSecureChatApp] [pool-3-thread-4] c.e.chatserver.service.ChatRoomManager   : Adding user User0 to room room10
2025-10-31T19:50:20.752+05:30  INFO 13484 --- [RealTimeSecureChatApp] [pool-3-thread-4] c.e.chatserver.service.ChatRoomManager   : Creating new room: room10
2025-10-31T19:50:20.751+05:30  INFO 13484 --- [RealTimeSecureChatApp] [ool-3-thread-20] c.e.chatserver.service.ChatRoomManager   : Creating new room: room9
2025-10-31T19:50:20.751+05:30  INFO 13484 --- [RealTimeSecureChatApp] [pool-3-thread-5] c.e.chatserver.service.ChatRoomManager   : User User7 joined room room7. Room size: 10
2025-10-31T19:50:20.752+05:30  INFO 13484 --- [RealTimeSecureChatApp] [ool-3-thread-15] c.e.chatserver.service.ChatRoomManager   : User User8 joined room room9. Room size: 2
2025-10-31T19:50:20.752+05:30 DEBUG 13484 --- [RealTimeSecureChatApp] [pool-3-thread-5] c.e.chatserver.service.ChatRoomManager   : Adding user User2 to room room10
2025-10-31T19:50:20.751+05:30  INFO 13484 --- [RealTimeSecureChatApp] [ool-3-thread-16] c.e.chatserver.service.ChatRoomManager   : User User8 joined room room7. Room size: 9
2025-10-31T19:50:20.751+05:30 DEBUG 13484 --- [RealTimeSecureChatApp] [pool-3-thread-6] c.e.chatserver.service.ChatRoomManager   : Adding user User1 to room room9
2025-10-31T19:50:20.753+05:30  INFO 13484 --- [RealTimeSecureChatApp] [pool-3-thread-6] c.e.chatserver.service.ChatRoomManager   : User User1 joined room room9. Room size: 5
2025-10-31T19:50:20.751+05:30 DEBUG 13484 --- [RealTimeSecureChatApp] [ool-3-thread-17] c.e.chatserver.service.ChatRoomManager   : Adding user User2 to room room9
2025-10-31T19:50:20.753+05:30 DEBUG 13484 --- [RealTimeSecureChatApp] [pool-3-thread-6] c.e.chatserver.service.ChatRoomManager   : Adding user User5 to room room10
2025-10-31T19:50:20.752+05:30  INFO 13484 --- [RealTimeSecureChatApp] [pool-3-thread-7] c.e.chatserver.service.ChatRoomManager   : User User2 joined room room8. Room size: 1
2025-10-31T19:50:20.753+05:30  INFO 13484 --- [RealTimeSecureChatApp] [ool-3-thread-17] c.e.chatserver.service.ChatRoomManager   : User User2 joined room room9. Room size: 6
2025-10-31T19:50:20.753+05:30 DEBUG 13484 --- [RealTimeSecureChatApp] [pool-3-thread-7] c.e.chatserver.service.ChatRoomManager   : Adding user User6 to room room10
2025-10-31T19:50:20.752+05:30  INFO 13484 --- [RealTimeSecureChatApp] [pool-3-thread-2] c.e.chatserver.service.ChatRoomManager   : User User9 joined room room8. Room size: 4
2025-10-31T19:50:20.752+05:30  INFO 13484 --- [RealTimeSecureChatApp] [ool-3-thread-10] c.e.chatserver.service.ChatRoomManager   : User User0 joined room room8. Room size: 2
2025-10-31T19:50:20.753+05:30 DEBUG 13484 --- [RealTimeSecureChatApp] [pool-3-thread-2] c.e.chatserver.service.ChatRoomManager   : Adding user User8 to room room10
2025-10-31T19:50:20.752+05:30  INFO 13484 --- [RealTimeSecureChatApp] [ool-3-thread-12] c.e.chatserver.service.ChatRoomManager   : User User3 joined room room8. Room size: 6
2025-10-31T19:50:20.752+05:30  INFO 13484 --- [RealTimeSecureChatApp] [pool-3-thread-3] c.e.chatserver.service.ChatRoomManager   : User User6 joined room room8. Room size: 7
2025-10-31T19:50:20.752+05:30  INFO 13484 --- [RealTimeSecureChatApp] [pool-3-thread-1] c.e.chatserver.service.ChatRoomManager   : User User5 joined room room8. Room size: 8
2025-10-31T19:50:20.753+05:30 DEBUG 13484 --- [RealTimeSecureChatApp] [pool-3-thread-3] c.e.chatserver.service.ChatRoomManager   : Adding user User1 to room room11
2025-10-31T19:50:20.753+05:30 DEBUG 13484 --- [RealTimeSecureChatApp] [pool-3-thread-1] c.e.chatserver.service.ChatRoomManager   : Adding user User2 to room room11
2025-10-31T19:50:20.752+05:30 DEBUG 13484 --- [RealTimeSecureChatApp] [ool-3-thread-13] c.e.chatserver.service.ChatRoomManager   : Adding user User4 to room room9
2025-10-31T19:50:20.752+05:30 DEBUG 13484 --- [RealTimeSecureChatApp] [ool-3-thread-19] c.e.chatserver.service.ChatRoomManager   : Adding user User5 to room room9
2025-10-31T19:50:20.752+05:30 DEBUG 13484 --- [RealTimeSecureChatApp] [ool-3-thread-11] c.e.chatserver.service.ChatRoomManager   : Adding user User7 to room room9
2025-10-31T19:50:20.752+05:30 DEBUG 13484 --- [RealTimeSecureChatApp] [ool-3-thread-14] c.e.chatserver.service.ChatRoomManager   : Adding user User9 to room room9
2025-10-31T19:50:20.753+05:30  INFO 13484 --- [RealTimeSecureChatApp] [ool-3-thread-11] c.e.chatserver.service.ChatRoomManager   : User User7 joined room room9. Room size: 9
2025-10-31T19:50:20.752+05:30  INFO 13484 --- [RealTimeSecureChatApp] [pool-3-thread-4] c.e.chatserver.service.ChatRoomManager   : User User0 joined room room10. Room size: 1
2025-10-31T19:50:20.752+05:30 DEBUG 13484 --- [RealTimeSecureChatApp] [pool-3-thread-9] c.e.chatserver.service.ChatRoomManager   : Adding user User1 to room room10
2025-10-31T19:50:20.754+05:30 DEBUG 13484 --- [RealTimeSecureChatApp] [pool-3-thread-4] c.e.chatserver.service.ChatRoomManager   : Adding user User4 to room room11
2025-10-31T19:50:20.754+05:30  INFO 13484 --- [RealTimeSecureChatApp] [pool-3-thread-9] c.e.chatserver.service.ChatRoomManager   : User User1 joined room room10. Room size: 6
2025-10-31T19:50:20.752+05:30  INFO 13484 --- [RealTimeSecureChatApp] [ool-3-thread-20] c.e.chatserver.service.ChatRoomManager   : User User0 joined room room9. Room size: 1
2025-10-31T19:50:20.752+05:30  INFO 13484 --- [RealTimeSecureChatApp] [ool-3-thread-18] c.e.chatserver.service.ChatRoomManager   : User User6 joined room room9. Room size: 3
2025-10-31T19:50:20.752+05:30  INFO 13484 --- [RealTimeSecureChatApp] [pool-3-thread-8] c.e.chatserver.service.ChatRoomManager   : User User3 joined room room9. Room size: 4
2025-10-31T19:50:20.754+05:30 DEBUG 13484 --- [RealTimeSecureChatApp] [ool-3-thread-18] c.e.chatserver.service.ChatRoomManager   : Adding user User7 to room room11
2025-10-31T19:50:20.754+05:30 DEBUG 13484 --- [RealTimeSecureChatApp] [pool-3-thread-8] c.e.chatserver.service.ChatRoomManager   : Adding user User8 to room room11
2025-10-31T19:50:20.752+05:30 DEBUG 13484 --- [RealTimeSecureChatApp] [ool-3-thread-15] c.e.chatserver.service.ChatRoomManager   : Adding user User3 to room room10
2025-10-31T19:50:20.754+05:30  INFO 13484 --- [RealTimeSecureChatApp] [ool-3-thread-15] c.e.chatserver.service.ChatRoomManager   : User User3 joined room room10. Room size: 7
2025-10-31T19:50:20.752+05:30  INFO 13484 --- [RealTimeSecureChatApp] [pool-3-thread-5] c.e.chatserver.service.ChatRoomManager   : User User2 joined room room10. Room size: 2
2025-10-31T19:50:20.753+05:30 DEBUG 13484 --- [RealTimeSecureChatApp] [ool-3-thread-16] c.e.chatserver.service.ChatRoomManager   : Adding user User4 to room room10
2025-10-31T19:50:20.753+05:30  INFO 13484 --- [RealTimeSecureChatApp] [pool-3-thread-6] c.e.chatserver.service.ChatRoomManager   : User User5 joined room room10. Room size: 3
2025-10-31T19:50:20.754+05:30  INFO 13484 --- [RealTimeSecureChatApp] [ool-3-thread-16] c.e.chatserver.service.ChatRoomManager   : User User4 joined room room10. Room size: 8
2025-10-31T19:50:20.753+05:30 DEBUG 13484 --- [RealTimeSecureChatApp] [ool-3-thread-17] c.e.chatserver.service.ChatRoomManager   : Adding user User7 to room room10
2025-10-31T19:50:20.754+05:30 DEBUG 13484 --- [RealTimeSecureChatApp] [pool-3-thread-6] c.e.chatserver.service.ChatRoomManager   : Adding user User1 to room room12
2025-10-31T19:50:20.753+05:30  INFO 13484 --- [RealTimeSecureChatApp] [pool-3-thread-7] c.e.chatserver.service.ChatRoomManager   : User User6 joined room room10. Room size: 4
2025-10-31T19:50:20.754+05:30  INFO 13484 --- [RealTimeSecureChatApp] [ool-3-thread-17] c.e.chatserver.service.ChatRoomManager   : User User7 joined room room10. Room size: 9
2025-10-31T19:50:20.754+05:30 DEBUG 13484 --- [RealTimeSecureChatApp] [pool-3-thread-7] c.e.chatserver.service.ChatRoomManager   : Adding user User3 to room room12
2025-10-31T19:50:20.753+05:30 DEBUG 13484 --- [RealTimeSecureChatApp] [ool-3-thread-10] c.e.chatserver.service.ChatRoomManager   : Adding user User9 to room room10
2025-10-31T19:50:20.753+05:30  INFO 13484 --- [RealTimeSecureChatApp] [pool-3-thread-2] c.e.chatserver.service.ChatRoomManager   : User User8 joined room room10. Room size: 5
2025-10-31T19:50:20.753+05:30 DEBUG 13484 --- [RealTimeSecureChatApp] [ool-3-thread-12] c.e.chatserver.service.ChatRoomManager   : Adding user User0 to room room11
2025-10-31T19:50:20.754+05:30 DEBUG 13484 --- [RealTimeSecureChatApp] [pool-3-thread-2] c.e.chatserver.service.ChatRoomManager   : Adding user User5 to room room12
2025-10-31T19:50:20.753+05:30  INFO 13484 --- [RealTimeSecureChatApp] [pool-3-thread-1] c.e.chatserver.service.ChatRoomManager   : Creating new room: room11
2025-10-31T19:50:20.753+05:30  INFO 13484 --- [RealTimeSecureChatApp] [ool-3-thread-13] c.e.chatserver.service.ChatRoomManager   : User User4 joined room room9. Room size: 7
2025-10-31T19:50:20.753+05:30  INFO 13484 --- [RealTimeSecureChatApp] [ool-3-thread-19] c.e.chatserver.service.ChatRoomManager   : User User5 joined room room9. Room size: 8
2025-10-31T19:50:20.754+05:30 DEBUG 13484 --- [RealTimeSecureChatApp] [ool-3-thread-11] c.e.chatserver.service.ChatRoomManager   : Adding user User3 to room room11
2025-10-31T19:50:20.755+05:30  INFO 13484 --- [RealTimeSecureChatApp] [pool-3-thread-3] c.e.chatserver.service.ChatRoomManager   : User User1 joined room room11. Room size: 5
2025-10-31T19:50:20.755+05:30 DEBUG 13484 --- [RealTimeSecureChatApp] [pool-3-thread-3] c.e.chatserver.service.ChatRoomManager   : Adding user User8 to room room12
2025-10-31T19:50:20.754+05:30  INFO 13484 --- [RealTimeSecureChatApp] [ool-3-thread-14] c.e.chatserver.service.ChatRoomManager   : User User9 joined room room9. Room size: 10
2025-10-31T19:50:20.754+05:30 DEBUG 13484 --- [RealTimeSecureChatApp] [pool-3-thread-9] c.e.chatserver.service.ChatRoomManager   : Adding user User5 to room room11
2025-10-31T19:50:20.755+05:30 DEBUG 13484 --- [RealTimeSecureChatApp] [ool-3-thread-14] c.e.chatserver.service.ChatRoomManager   : Adding user User9 to room room12
2025-10-31T19:50:20.754+05:30 DEBUG 13484 --- [RealTimeSecureChatApp] [ool-3-thread-20] c.e.chatserver.service.ChatRoomManager   : Adding user User6 to room room11
2025-10-31T19:50:20.754+05:30 DEBUG 13484 --- [RealTimeSecureChatApp] [ool-3-thread-15] c.e.chatserver.service.ChatRoomManager   : Adding user User9 to room room11
2025-10-31T19:50:20.754+05:30 DEBUG 13484 --- [RealTimeSecureChatApp] [pool-3-thread-5] c.e.chatserver.service.ChatRoomManager   : Adding user User0 to room room12
2025-10-31T19:50:20.755+05:30  INFO 13484 --- [RealTimeSecureChatApp] [ool-3-thread-15] c.e.chatserver.service.ChatRoomManager   : User User9 joined room room11. Room size: 9
2025-10-31T19:50:20.754+05:30 DEBUG 13484 --- [RealTimeSecureChatApp] [ool-3-thread-16] c.e.chatserver.service.ChatRoomManager   : Adding user User2 to room room12
2025-10-31T19:50:20.755+05:30 DEBUG 13484 --- [RealTimeSecureChatApp] [ool-3-thread-15] c.e.chatserver.service.ChatRoomManager   : Adding user User0 to room room13
2025-10-31T19:50:20.754+05:30  INFO 13484 --- [RealTimeSecureChatApp] [pool-3-thread-6] c.e.chatserver.service.ChatRoomManager   : Creating new room: room12
2025-10-31T19:50:20.755+05:30  INFO 13484 --- [RealTimeSecureChatApp] [ool-3-thread-15] c.e.chatserver.service.ChatRoomManager   : Creating new room: room13
2025-10-31T19:50:20.755+05:30  INFO 13484 --- [RealTimeSecureChatApp] [ool-3-thread-16] c.e.chatserver.service.ChatRoomManager   : User User2 joined room room12. Room size: 1
2025-10-31T19:50:20.755+05:30  INFO 13484 --- [RealTimeSecureChatApp] [pool-3-thread-3] c.e.chatserver.service.ChatRoomManager   : User User8 joined room room12. Room size: 5
2025-10-31T19:50:20.755+05:30 DEBUG 13484 --- [RealTimeSecureChatApp] [pool-3-thread-3] c.e.chatserver.service.ChatRoomManager   : Adding user User2 to room room13
2025-10-31T19:50:20.755+05:30 DEBUG 13484 --- [RealTimeSecureChatApp] [ool-3-thread-16] c.e.chatserver.service.ChatRoomManager   : Adding user User1 to room room13
2025-10-31T19:50:20.755+05:30  INFO 13484 --- [RealTimeSecureChatApp] [pool-3-thread-3] c.e.chatserver.service.ChatRoomManager   : User User2 joined room room13. Room size: 2
2025-10-31T19:50:20.755+05:30  INFO 13484 --- [RealTimeSecureChatApp] [pool-3-thread-7] c.e.chatserver.service.ChatRoomManager   : User User3 joined room room12. Room size: 7
2025-10-31T19:50:20.754+05:30 DEBUG 13484 --- [RealTimeSecureChatApp] [ool-3-thread-17] c.e.chatserver.service.ChatRoomManager   : Adding user User4 to room room12
2025-10-31T19:50:20.755+05:30 DEBUG 13484 --- [RealTimeSecureChatApp] [pool-3-thread-7] c.e.chatserver.service.ChatRoomManager   : Adding user User4 to room room13
2025-10-31T19:50:20.754+05:30  INFO 13484 --- [RealTimeSecureChatApp] [ool-3-thread-10] c.e.chatserver.service.ChatRoomManager   : User User9 joined room room10. Room size: 10
2025-10-31T19:50:20.755+05:30  INFO 13484 --- [RealTimeSecureChatApp] [pool-3-thread-7] c.e.chatserver.service.ChatRoomManager   : User User4 joined room room13. Room size: 4
2025-10-31T19:50:20.755+05:30  INFO 13484 --- [RealTimeSecureChatApp] [ool-3-thread-17] c.e.chatserver.service.ChatRoomManager   : User User4 joined room room12. Room size: 8
2025-10-31T19:50:20.755+05:30  INFO 13484 --- [RealTimeSecureChatApp] [ool-3-thread-12] c.e.chatserver.service.ChatRoomManager   : User User0 joined room room11. Room size: 1
2025-10-31T19:50:20.755+05:30  INFO 13484 --- [RealTimeSecureChatApp] [pool-3-thread-8] c.e.chatserver.service.ChatRoomManager   : User User8 joined room room11. Room size: 2
2025-10-31T19:50:20.755+05:30 DEBUG 13484 --- [RealTimeSecureChatApp] [ool-3-thread-12] c.e.chatserver.service.ChatRoomManager   : Adding user User8 to room room13
2025-10-31T19:50:20.755+05:30 DEBUG 13484 --- [RealTimeSecureChatApp] [pool-3-thread-8] c.e.chatserver.service.ChatRoomManager   : Adding user User9 to room room13
2025-10-31T19:50:20.755+05:30  INFO 13484 --- [RealTimeSecureChatApp] [ool-3-thread-12] c.e.chatserver.service.ChatRoomManager   : User User8 joined room room13. Room size: 5
2025-10-31T19:50:20.755+05:30  INFO 13484 --- [RealTimeSecureChatApp] [pool-3-thread-8] c.e.chatserver.service.ChatRoomManager   : User User9 joined room room13. Room size: 6
2025-10-31T19:50:20.755+05:30 DEBUG 13484 --- [RealTimeSecureChatApp] [ool-3-thread-12] c.e.chatserver.service.ChatRoomManager   : Adding user User0 to room room14
2025-10-31T19:50:20.755+05:30  INFO 13484 --- [RealTimeSecureChatApp] [ool-3-thread-18] c.e.chatserver.service.ChatRoomManager   : User User7 joined room room11. Room size: 3
2025-10-31T19:50:20.755+05:30  INFO 13484 --- [RealTimeSecureChatApp] [pool-3-thread-4] c.e.chatserver.service.ChatRoomManager   : User User4 joined room room11. Room size: 4
2025-10-31T19:50:20.755+05:30 DEBUG 13484 --- [RealTimeSecureChatApp] [ool-3-thread-13] c.e.chatserver.service.ChatRoomManager   : Adding user User6 to room room12
2025-10-31T19:50:20.756+05:30 DEBUG 13484 --- [RealTimeSecureChatApp] [ool-3-thread-18] c.e.chatserver.service.ChatRoomManager   : Adding user User2 to room room14
2025-10-31T19:50:20.756+05:30 DEBUG 13484 --- [RealTimeSecureChatApp] [pool-3-thread-4] c.e.chatserver.service.ChatRoomManager   : Adding user User3 to room room14
2025-10-31T19:50:20.755+05:30 DEBUG 13484 --- [RealTimeSecureChatApp] [ool-3-thread-19] c.e.chatserver.service.ChatRoomManager   : Adding user User7 to room room12
2025-10-31T19:50:20.755+05:30  INFO 13484 --- [RealTimeSecureChatApp] [ool-3-thread-11] c.e.chatserver.service.ChatRoomManager   : User User3 joined room room11. Room size: 6
2025-10-31T19:50:20.756+05:30  INFO 13484 --- [RealTimeSecureChatApp] [ool-3-thread-19] c.e.chatserver.service.ChatRoomManager   : User User7 joined room room12. Room size: 10
2025-10-31T19:50:20.756+05:30 DEBUG 13484 --- [RealTimeSecureChatApp] [ool-3-thread-19] c.e.chatserver.service.ChatRoomManager   : Adding user User5 to room room14
2025-10-31T19:50:20.755+05:30  INFO 13484 --- [RealTimeSecureChatApp] [pool-3-thread-9] c.e.chatserver.service.ChatRoomManager   : User User5 joined room room11. Room size: 7
2025-10-31T19:50:20.756+05:30 DEBUG 13484 --- [RealTimeSecureChatApp] [pool-3-thread-9] c.e.chatserver.service.ChatRoomManager   : Adding user User6 to room room14
2025-10-31T19:50:20.755+05:30  INFO 13484 --- [RealTimeSecureChatApp] [ool-3-thread-20] c.e.chatserver.service.ChatRoomManager   : User User6 joined room room11. Room size: 8
2025-10-31T19:50:20.756+05:30 DEBUG 13484 --- [RealTimeSecureChatApp] [ool-3-thread-20] c.e.chatserver.service.ChatRoomManager   : Adding user User7 to room room14
2025-10-31T19:50:20.755+05:30  INFO 13484 --- [RealTimeSecureChatApp] [pool-3-thread-5] c.e.chatserver.service.ChatRoomManager   : User User0 joined room room12. Room size: 3
2025-10-31T19:50:20.756+05:30 DEBUG 13484 --- [RealTimeSecureChatApp] [pool-3-thread-5] c.e.chatserver.service.ChatRoomManager   : Adding user User8 to room room14
2025-10-31T19:50:20.755+05:30  INFO 13484 --- [RealTimeSecureChatApp] [pool-3-thread-6] c.e.chatserver.service.ChatRoomManager   : User User1 joined room room12. Room size: 2
2025-10-31T19:50:20.755+05:30  INFO 13484 --- [RealTimeSecureChatApp] [ool-3-thread-14] c.e.chatserver.service.ChatRoomManager   : User User9 joined room room12. Room size: 4
2025-10-31T19:50:20.757+05:30 DEBUG 13484 --- [RealTimeSecureChatApp] [pool-3-thread-6] c.e.chatserver.service.ChatRoomManager   : Adding user User9 to room room14
2025-10-31T19:50:20.755+05:30  INFO 13484 --- [RealTimeSecureChatApp] [pool-3-thread-1] c.e.chatserver.service.ChatRoomManager   : User User2 joined room room11. Room size: 10
2025-10-31T19:50:20.755+05:30  INFO 13484 --- [RealTimeSecureChatApp] [ool-3-thread-15] c.e.chatserver.service.ChatRoomManager   : User User0 joined room room13. Room size: 1
2025-10-31T19:50:20.755+05:30  INFO 13484 --- [RealTimeSecureChatApp] [pool-3-thread-2] c.e.chatserver.service.ChatRoomManager   : User User5 joined room room12. Room size: 6
2025-10-31T19:50:20.755+05:30  INFO 13484 --- [RealTimeSecureChatApp] [ool-3-thread-16] c.e.chatserver.service.ChatRoomManager   : User User1 joined room room13. Room size: 3
2025-10-31T19:50:20.757+05:30 DEBUG 13484 --- [RealTimeSecureChatApp] [pool-3-thread-2] c.e.chatserver.service.ChatRoomManager   : Adding user User3 to room room15
2025-10-31T19:50:20.757+05:30 DEBUG 13484 --- [RealTimeSecureChatApp] [pool-3-thread-1] c.e.chatserver.service.ChatRoomManager   : Adding user User1 to room room15
2025-10-31T19:50:20.755+05:30 DEBUG 13484 --- [RealTimeSecureChatApp] [pool-3-thread-3] c.e.chatserver.service.ChatRoomManager   : Adding user User3 to room room13
2025-10-31T19:50:20.755+05:30 DEBUG 13484 --- [RealTimeSecureChatApp] [ool-3-thread-10] c.e.chatserver.service.ChatRoomManager   : Adding user User5 to room room13
2025-10-31T19:50:20.757+05:30  INFO 13484 --- [RealTimeSecureChatApp] [pool-3-thread-3] c.e.chatserver.service.ChatRoomManager   : User User3 joined room room13. Room size: 7
2025-10-31T19:50:20.755+05:30 DEBUG 13484 --- [RealTimeSecureChatApp] [pool-3-thread-7] c.e.chatserver.service.ChatRoomManager   : Adding user User6 to room room13
2025-10-31T19:50:20.757+05:30  INFO 13484 --- [RealTimeSecureChatApp] [ool-3-thread-10] c.e.chatserver.service.ChatRoomManager   : User User5 joined room room13. Room size: 8
2025-10-31T19:50:20.755+05:30 DEBUG 13484 --- [RealTimeSecureChatApp] [ool-3-thread-17] c.e.chatserver.service.ChatRoomManager   : Adding user User7 to room room13
2025-10-31T19:50:20.755+05:30 DEBUG 13484 --- [RealTimeSecureChatApp] [pool-3-thread-8] c.e.chatserver.service.ChatRoomManager   : Adding user User1 to room room14
2025-10-31T19:50:20.755+05:30  INFO 13484 --- [RealTimeSecureChatApp] [ool-3-thread-12] c.e.chatserver.service.ChatRoomManager   : Creating new room: room14
2025-10-31T19:50:20.756+05:30  INFO 13484 --- [RealTimeSecureChatApp] [ool-3-thread-13] c.e.chatserver.service.ChatRoomManager   : User User6 joined room room12. Room size: 9
2025-10-31T19:50:20.757+05:30  INFO 13484 --- [RealTimeSecureChatApp] [pool-3-thread-6] c.e.chatserver.service.ChatRoomManager   : User User9 joined room room14. Room size: 3
2025-10-31T19:50:20.757+05:30 DEBUG 13484 --- [RealTimeSecureChatApp] [ool-3-thread-13] c.e.chatserver.service.ChatRoomManager   : Adding user User7 to room room15
2025-10-31T19:50:20.757+05:30 DEBUG 13484 --- [RealTimeSecureChatApp] [pool-3-thread-6] c.e.chatserver.service.ChatRoomManager   : Adding user User8 to room room15
2025-10-31T19:50:20.757+05:30  INFO 13484 --- [RealTimeSecureChatApp] [ool-3-thread-19] c.e.chatserver.service.ChatRoomManager   : User User5 joined room room14. Room size: 7
2025-10-31T19:50:20.757+05:30  INFO 13484 --- [RealTimeSecureChatApp] [ool-3-thread-18] c.e.chatserver.service.ChatRoomManager   : User User2 joined room room14. Room size: 9
2025-10-31T19:50:20.757+05:30 DEBUG 13484 --- [RealTimeSecureChatApp] [ool-3-thread-19] c.e.chatserver.service.ChatRoomManager   : Adding user User9 to room room15
2025-10-31T19:50:20.757+05:30 DEBUG 13484 --- [RealTimeSecureChatApp] [ool-3-thread-18] c.e.chatserver.service.ChatRoomManager   : Adding user User0 to room room16
2025-10-31T19:50:20.756+05:30 DEBUG 13484 --- [RealTimeSecureChatApp] [ool-3-thread-11] c.e.chatserver.service.ChatRoomManager   : Adding user User4 to room room14
2025-10-31T19:50:20.757+05:30  INFO 13484 --- [RealTimeSecureChatApp] [ool-3-thread-18] c.e.chatserver.service.ChatRoomManager   : Creating new room: room16
2025-10-31T19:50:20.757+05:30 DEBUG 13484 --- [RealTimeSecureChatApp] [ool-3-thread-14] c.e.chatserver.service.ChatRoomManager   : Adding user User0 to room room15
2025-10-31T19:50:20.758+05:30  INFO 13484 --- [RealTimeSecureChatApp] [ool-3-thread-18] c.e.chatserver.service.ChatRoomManager   : User User0 joined room room16. Room size: 1
2025-10-31T19:50:20.757+05:30 DEBUG 13484 --- [RealTimeSecureChatApp] [ool-3-thread-15] c.e.chatserver.service.ChatRoomManager   : Adding user User2 to room room15
2025-10-31T19:50:20.758+05:30 DEBUG 13484 --- [RealTimeSecureChatApp] [ool-3-thread-18] c.e.chatserver.service.ChatRoomManager   : Adding user User1 to room room16
2025-10-31T19:50:20.757+05:30 DEBUG 13484 --- [RealTimeSecureChatApp] [ool-3-thread-16] c.e.chatserver.service.ChatRoomManager   : Adding user User4 to room room15
2025-10-31T19:50:20.758+05:30  INFO 13484 --- [RealTimeSecureChatApp] [ool-3-thread-18] c.e.chatserver.service.ChatRoomManager   : User User1 joined room room16. Room size: 2
2025-10-31T19:50:20.758+05:30 DEBUG 13484 --- [RealTimeSecureChatApp] [ool-3-thread-18] c.e.chatserver.service.ChatRoomManager   : Adding user User2 to room room16
2025-10-31T19:50:20.757+05:30  INFO 13484 --- [RealTimeSecureChatApp] [pool-3-thread-2] c.e.chatserver.service.ChatRoomManager   : Creating new room: room15
2025-10-31T19:50:20.757+05:30 DEBUG 13484 --- [RealTimeSecureChatApp] [pool-3-thread-3] c.e.chatserver.service.ChatRoomManager   : Adding user User5 to room room15
2025-10-31T19:50:20.758+05:30  INFO 13484 --- [RealTimeSecureChatApp] [ool-3-thread-19] c.e.chatserver.service.ChatRoomManager   : User User9 joined room room15. Room size: 5
2025-10-31T19:50:20.758+05:30  INFO 13484 --- [RealTimeSecureChatApp] [ool-3-thread-14] c.e.chatserver.service.ChatRoomManager   : User User0 joined room room15. Room size: 4
2025-10-31T19:50:20.758+05:30 DEBUG 13484 --- [RealTimeSecureChatApp] [ool-3-thread-19] c.e.chatserver.service.ChatRoomManager   : Adding user User3 to room room16
2025-10-31T19:50:20.757+05:30  INFO 13484 --- [RealTimeSecureChatApp] [pool-3-thread-7] c.e.chatserver.service.ChatRoomManager   : User User6 joined room room13. Room size: 9
2025-10-31T19:50:20.758+05:30  INFO 13484 --- [RealTimeSecureChatApp] [pool-3-thread-6] c.e.chatserver.service.ChatRoomManager   : User User8 joined room room15. Room size: 7
2025-10-31T19:50:20.758+05:30  INFO 13484 --- [RealTimeSecureChatApp] [pool-3-thread-1] c.e.chatserver.service.ChatRoomManager   : User User1 joined room room15. Room size: 9
2025-10-31T19:50:20.757+05:30 DEBUG 13484 --- [RealTimeSecureChatApp] [ool-3-thread-10] c.e.chatserver.service.ChatRoomManager   : Adding user User6 to room room15
2025-10-31T19:50:20.758+05:30  INFO 13484 --- [RealTimeSecureChatApp] [ool-3-thread-10] c.e.chatserver.service.ChatRoomManager   : User User6 joined room room15. Room size: 10
2025-10-31T19:50:20.757+05:30  INFO 13484 --- [RealTimeSecureChatApp] [ool-3-thread-17] c.e.chatserver.service.ChatRoomManager   : User User7 joined room room13. Room size: 10
2025-10-31T19:50:20.757+05:30  INFO 13484 --- [RealTimeSecureChatApp] [ool-3-thread-12] c.e.chatserver.service.ChatRoomManager   : User User0 joined room room14. Room size: 1
2025-10-31T19:50:20.757+05:30  INFO 13484 --- [RealTimeSecureChatApp] [pool-3-thread-8] c.e.chatserver.service.ChatRoomManager   : User User1 joined room room14. Room size: 2
2025-10-31T19:50:20.757+05:30  INFO 13484 --- [RealTimeSecureChatApp] [pool-3-thread-5] c.e.chatserver.service.ChatRoomManager   : User User8 joined room room14. Room size: 4
2025-10-31T19:50:20.757+05:30  INFO 13484 --- [RealTimeSecureChatApp] [ool-3-thread-20] c.e.chatserver.service.ChatRoomManager   : User User7 joined room room14. Room size: 5
2025-10-31T19:50:20.757+05:30  INFO 13484 --- [RealTimeSecureChatApp] [pool-3-thread-9] c.e.chatserver.service.ChatRoomManager   : User User6 joined room room14. Room size: 6
2025-10-31T19:50:20.757+05:30  INFO 13484 --- [RealTimeSecureChatApp] [pool-3-thread-4] c.e.chatserver.service.ChatRoomManager   : User User3 joined room room14. Room size: 8
2025-10-31T19:50:20.758+05:30  INFO 13484 --- [RealTimeSecureChatApp] [ool-3-thread-11] c.e.chatserver.service.ChatRoomManager   : User User4 joined room room14. Room size: 10
2025-10-31T19:50:20.759+05:30 DEBUG 13484 --- [RealTimeSecureChatApp] [ool-3-thread-11] c.e.chatserver.service.ChatRoomManager   : Adding user User6 to room room17
2025-10-31T19:50:20.759+05:30  INFO 13484 --- [RealTimeSecureChatApp] [ool-3-thread-11] c.e.chatserver.service.ChatRoomManager   : Creating new room: room17
2025-10-31T19:50:20.759+05:30  INFO 13484 --- [RealTimeSecureChatApp] [ool-3-thread-11] c.e.chatserver.service.ChatRoomManager   : User User6 joined room room17. Room size: 1
2025-10-31T19:50:20.759+05:30 DEBUG 13484 --- [RealTimeSecureChatApp] [ool-3-thread-11] c.e.chatserver.service.ChatRoomManager   : Adding user User7 to room room17
2025-10-31T19:50:20.759+05:30  INFO 13484 --- [RealTimeSecureChatApp] [ool-3-thread-11] c.e.chatserver.service.ChatRoomManager   : User User7 joined room room17. Room size: 2
2025-10-31T19:50:20.759+05:30 DEBUG 13484 --- [RealTimeSecureChatApp] [ool-3-thread-11] c.e.chatserver.service.ChatRoomManager   : Adding user User8 to room room17
2025-10-31T19:50:20.759+05:30  INFO 13484 --- [RealTimeSecureChatApp] [ool-3-thread-11] c.e.chatserver.service.ChatRoomManager   : User User8 joined room room17. Room size: 3
2025-10-31T19:50:20.759+05:30 DEBUG 13484 --- [RealTimeSecureChatApp] [ool-3-thread-11] c.e.chatserver.service.ChatRoomManager   : Adding user User9 to room room17
2025-10-31T19:50:20.758+05:30  INFO 13484 --- [RealTimeSecureChatApp] [ool-3-thread-18] c.e.chatserver.service.ChatRoomManager   : User User2 joined room room16. Room size: 3
2025-10-31T19:50:20.759+05:30  INFO 13484 --- [RealTimeSecureChatApp] [ool-3-thread-11] c.e.chatserver.service.ChatRoomManager   : User User9 joined room room17. Room size: 4
2025-10-31T19:50:20.758+05:30  INFO 13484 --- [RealTimeSecureChatApp] [ool-3-thread-15] c.e.chatserver.service.ChatRoomManager   : User User2 joined room room15. Room size: 3
2025-10-31T19:50:20.758+05:30  INFO 13484 --- [RealTimeSecureChatApp] [ool-3-thread-16] c.e.chatserver.service.ChatRoomManager   : User User4 joined room room15. Room size: 2
2025-10-31T19:50:20.758+05:30  INFO 13484 --- [RealTimeSecureChatApp] [pool-3-thread-2] c.e.chatserver.service.ChatRoomManager   : User User3 joined room room15. Room size: 1
2025-10-31T19:50:20.759+05:30 DEBUG 13484 --- [RealTimeSecureChatApp] [pool-3-thread-2] c.e.chatserver.service.ChatRoomManager   : Adding user User4 to room room18
2025-10-31T19:50:20.758+05:30  INFO 13484 --- [RealTimeSecureChatApp] [pool-3-thread-3] c.e.chatserver.service.ChatRoomManager   : User User5 joined room room15. Room size: 6
2025-10-31T19:50:20.758+05:30  INFO 13484 --- [RealTimeSecureChatApp] [ool-3-thread-19] c.e.chatserver.service.ChatRoomManager   : User User3 joined room room16. Room size: 4
2025-10-31T19:50:20.758+05:30 DEBUG 13484 --- [RealTimeSecureChatApp] [ool-3-thread-14] c.e.chatserver.service.ChatRoomManager   : Adding user User4 to room room16
2025-10-31T19:50:20.758+05:30 DEBUG 13484 --- [RealTimeSecureChatApp] [pool-3-thread-7] c.e.chatserver.service.ChatRoomManager   : Adding user User5 to room room16
2025-10-31T19:50:20.760+05:30  INFO 13484 --- [RealTimeSecureChatApp] [ool-3-thread-14] c.e.chatserver.service.ChatRoomManager   : User User4 joined room room16. Room size: 5
2025-10-31T19:50:20.758+05:30 DEBUG 13484 --- [RealTimeSecureChatApp] [pool-3-thread-6] c.e.chatserver.service.ChatRoomManager   : Adding user User6 to room room16
2025-10-31T19:50:20.760+05:30 DEBUG 13484 --- [RealTimeSecureChatApp] [ool-3-thread-14] c.e.chatserver.service.ChatRoomManager   : Adding user User7 to room room18
2025-10-31T19:50:20.758+05:30 DEBUG 13484 --- [RealTimeSecureChatApp] [pool-3-thread-1] c.e.chatserver.service.ChatRoomManager   : Adding user User7 to room room16
2025-10-31T19:50:20.758+05:30  INFO 13484 --- [RealTimeSecureChatApp] [ool-3-thread-13] c.e.chatserver.service.ChatRoomManager   : User User7 joined room room15. Room size: 9
2025-10-31T19:50:20.760+05:30  INFO 13484 --- [RealTimeSecureChatApp] [pool-3-thread-1] c.e.chatserver.service.ChatRoomManager   : User User7 joined room room16. Room size: 8
2025-10-31T19:50:20.760+05:30 DEBUG 13484 --- [RealTimeSecureChatApp] [ool-3-thread-13] c.e.chatserver.service.ChatRoomManager   : Adding user User8 to room room18
2025-10-31T19:50:20.758+05:30 DEBUG 13484 --- [RealTimeSecureChatApp] [ool-3-thread-10] c.e.chatserver.service.ChatRoomManager   : Adding user User8 to room room16
2025-10-31T19:50:20.758+05:30 DEBUG 13484 --- [RealTimeSecureChatApp] [ool-3-thread-17] c.e.chatserver.service.ChatRoomManager   : Adding user User9 to room room16
2025-10-31T19:50:20.758+05:30 DEBUG 13484 --- [RealTimeSecureChatApp] [pool-3-thread-8] c.e.chatserver.service.ChatRoomManager   : Adding user User1 to room room17
2025-10-31T19:50:20.758+05:30 DEBUG 13484 --- [RealTimeSecureChatApp] [ool-3-thread-12] c.e.chatserver.service.ChatRoomManager   : Adding user User0 to room room17
2025-10-31T19:50:20.759+05:30 DEBUG 13484 --- [RealTimeSecureChatApp] [pool-3-thread-5] c.e.chatserver.service.ChatRoomManager   : Adding user User2 to room room17
2025-10-31T19:50:20.759+05:30 DEBUG 13484 --- [RealTimeSecureChatApp] [ool-3-thread-20] c.e.chatserver.service.ChatRoomManager   : Adding user User3 to room room17
2025-10-31T19:50:20.760+05:30  INFO 13484 --- [RealTimeSecureChatApp] [ool-3-thread-12] c.e.chatserver.service.ChatRoomManager   : User User0 joined room room17. Room size: 6
2025-10-31T19:50:20.759+05:30 DEBUG 13484 --- [RealTimeSecureChatApp] [pool-3-thread-9] c.e.chatserver.service.ChatRoomManager   : Adding user User4 to room room17
2025-10-31T19:50:20.759+05:30 DEBUG 13484 --- [RealTimeSecureChatApp] [pool-3-thread-4] c.e.chatserver.service.ChatRoomManager   : Adding user User5 to room room17
2025-10-31T19:50:20.759+05:30 DEBUG 13484 --- [RealTimeSecureChatApp] [ool-3-thread-18] c.e.chatserver.service.ChatRoomManager   : Adding user User0 to room room18
2025-10-31T19:50:20.760+05:30  INFO 13484 --- [RealTimeSecureChatApp] [pool-3-thread-4] c.e.chatserver.service.ChatRoomManager   : User User5 joined room room17. Room size: 10
2025-10-31T19:50:20.759+05:30 DEBUG 13484 --- [RealTimeSecureChatApp] [ool-3-thread-11] c.e.chatserver.service.ChatRoomManager   : Adding user User1 to room room18
2025-10-31T19:50:20.760+05:30 DEBUG 13484 --- [RealTimeSecureChatApp] [pool-3-thread-4] c.e.chatserver.service.ChatRoomManager   : Adding user User1 to room room19
2025-10-31T19:50:20.759+05:30 DEBUG 13484 --- [RealTimeSecureChatApp] [ool-3-thread-15] c.e.chatserver.service.ChatRoomManager   : Adding user User2 to room room18
2025-10-31T19:50:20.759+05:30 DEBUG 13484 --- [RealTimeSecureChatApp] [ool-3-thread-16] c.e.chatserver.service.ChatRoomManager   : Adding user User3 to room room18
2025-10-31T19:50:20.760+05:30 DEBUG 13484 --- [RealTimeSecureChatApp] [pool-3-thread-3] c.e.chatserver.service.ChatRoomManager   : Adding user User5 to room room18
2025-10-31T19:50:20.760+05:30 DEBUG 13484 --- [RealTimeSecureChatApp] [ool-3-thread-19] c.e.chatserver.service.ChatRoomManager   : Adding user User6 to room room18
2025-10-31T19:50:20.760+05:30  INFO 13484 --- [RealTimeSecureChatApp] [pool-3-thread-2] c.e.chatserver.service.ChatRoomManager   : Creating new room: room18
2025-10-31T19:50:20.761+05:30  INFO 13484 --- [RealTimeSecureChatApp] [pool-3-thread-2] c.e.chatserver.service.ChatRoomManager   : User User4 joined room room18. Room size: 1
2025-10-31T19:50:20.761+05:30 DEBUG 13484 --- [RealTimeSecureChatApp] [pool-3-thread-2] c.e.chatserver.service.ChatRoomManager   : Adding user User2 to room room19
2025-10-31T19:50:20.760+05:30  INFO 13484 --- [RealTimeSecureChatApp] [pool-3-thread-7] c.e.chatserver.service.ChatRoomManager   : User User5 joined room room16. Room size: 6
2025-10-31T19:50:20.761+05:30 DEBUG 13484 --- [RealTimeSecureChatApp] [pool-3-thread-7] c.e.chatserver.service.ChatRoomManager   : Adding user User3 to room room19
2025-10-31T19:50:20.760+05:30  INFO 13484 --- [RealTimeSecureChatApp] [pool-3-thread-6] c.e.chatserver.service.ChatRoomManager   : User User6 joined room room16. Room size: 7
2025-10-31T19:50:20.760+05:30 DEBUG 13484 --- [RealTimeSecureChatApp] [pool-3-thread-1] c.e.chatserver.service.ChatRoomManager   : Adding user User9 to room room18
2025-10-31T19:50:20.761+05:30  INFO 13484 --- [RealTimeSecureChatApp] [ool-3-thread-11] c.e.chatserver.service.ChatRoomManager   : User User1 joined room room18. Room size: 6
2025-10-31T19:50:20.760+05:30  INFO 13484 --- [RealTimeSecureChatApp] [ool-3-thread-10] c.e.chatserver.service.ChatRoomManager   : User User8 joined room room16. Room size: 9
2025-10-31T19:50:20.760+05:30  INFO 13484 --- [RealTimeSecureChatApp] [ool-3-thread-17] c.e.chatserver.service.ChatRoomManager   : User User9 joined room room16. Room size: 10
2025-10-31T19:50:20.761+05:30 DEBUG 13484 --- [RealTimeSecureChatApp] [ool-3-thread-10] c.e.chatserver.service.ChatRoomManager   : Adding user User6 to room room19
2025-10-31T19:50:20.761+05:30 DEBUG 13484 --- [RealTimeSecureChatApp] [ool-3-thread-17] c.e.chatserver.service.ChatRoomManager   : Adding user User7 to room room19
2025-10-31T19:50:20.760+05:30  INFO 13484 --- [RealTimeSecureChatApp] [pool-3-thread-8] c.e.chatserver.service.ChatRoomManager   : User User1 joined room room17. Room size: 5
2025-10-31T19:50:20.760+05:30  INFO 13484 --- [RealTimeSecureChatApp] [pool-3-thread-5] c.e.chatserver.service.ChatRoomManager   : User User2 joined room room17. Room size: 7
2025-10-31T19:50:20.760+05:30  INFO 13484 --- [RealTimeSecureChatApp] [ool-3-thread-20] c.e.chatserver.service.ChatRoomManager   : User User3 joined room room17. Room size: 8
2025-10-31T19:50:20.761+05:30 DEBUG 13484 --- [RealTimeSecureChatApp] [pool-3-thread-5] c.e.chatserver.service.ChatRoomManager   : Adding user User9 to room room19
2025-10-31T19:50:20.760+05:30  INFO 13484 --- [RealTimeSecureChatApp] [pool-3-thread-9] c.e.chatserver.service.ChatRoomManager   : User User4 joined room room17. Room size: 9
2025-10-31T19:50:20.762+05:30 DEBUG 13484 --- [RealTimeSecureChatApp] [ool-3-thread-20] c.e.chatserver.service.ChatRoomManager   : Adding user User0 to room room20
2025-10-31T19:50:20.762+05:30 DEBUG 13484 --- [RealTimeSecureChatApp] [pool-3-thread-9] c.e.chatserver.service.ChatRoomManager   : Adding user User1 to room room20
2025-10-31T19:50:20.760+05:30 DEBUG 13484 --- [RealTimeSecureChatApp] [ool-3-thread-12] c.e.chatserver.service.ChatRoomManager   : Adding user User0 to room room19
2025-10-31T19:50:20.760+05:30  INFO 13484 --- [RealTimeSecureChatApp] [pool-3-thread-4] c.e.chatserver.service.ChatRoomManager   : Creating new room: room19
2025-10-31T19:50:20.761+05:30  INFO 13484 --- [RealTimeSecureChatApp] [ool-3-thread-19] c.e.chatserver.service.ChatRoomManager   : User User6 joined room room18. Room size: 2
2025-10-31T19:50:20.761+05:30  INFO 13484 --- [RealTimeSecureChatApp] [ool-3-thread-15] c.e.chatserver.service.ChatRoomManager   : User User2 joined room room18. Room size: 4
2025-10-31T19:50:20.762+05:30 DEBUG 13484 --- [RealTimeSecureChatApp] [ool-3-thread-19] c.e.chatserver.service.ChatRoomManager   : Adding user User2 to room room20
2025-10-31T19:50:20.762+05:30  INFO 13484 --- [RealTimeSecureChatApp] [pool-3-thread-4] c.e.chatserver.service.ChatRoomManager   : User User1 joined room room19. Room size: 1
2025-10-31T19:50:20.762+05:30 DEBUG 13484 --- [RealTimeSecureChatApp] [ool-3-thread-15] c.e.chatserver.service.ChatRoomManager   : Adding user User3 to room room20
2025-10-31T19:50:20.762+05:30  INFO 13484 --- [RealTimeSecureChatApp] [ool-3-thread-17] c.e.chatserver.service.ChatRoomManager   : User User7 joined room room19. Room size: 4
2025-10-31T19:50:20.762+05:30  INFO 13484 --- [RealTimeSecureChatApp] [pool-3-thread-5] c.e.chatserver.service.ChatRoomManager   : User User9 joined room room19. Room size: 3
2025-10-31T19:50:20.762+05:30 DEBUG 13484 --- [RealTimeSecureChatApp] [ool-3-thread-17] c.e.chatserver.service.ChatRoomManager   : Adding user User5 to room room20
2025-10-31T19:50:20.761+05:30  INFO 13484 --- [RealTimeSecureChatApp] [pool-3-thread-3] c.e.chatserver.service.ChatRoomManager   : User User5 joined room room18. Room size: 3
2025-10-31T19:50:20.762+05:30  INFO 13484 --- [RealTimeSecureChatApp] [pool-3-thread-2] c.e.chatserver.service.ChatRoomManager   : User User2 joined room room19. Room size: 6
2025-10-31T19:50:20.761+05:30 DEBUG 13484 --- [RealTimeSecureChatApp] [pool-3-thread-6] c.e.chatserver.service.ChatRoomManager   : Adding user User4 to room room19
2025-10-31T19:50:20.761+05:30  INFO 13484 --- [RealTimeSecureChatApp] [ool-3-thread-18] c.e.chatserver.service.ChatRoomManager   : User User0 joined room room18. Room size: 7
2025-10-31T19:50:20.761+05:30  INFO 13484 --- [RealTimeSecureChatApp] [pool-3-thread-1] c.e.chatserver.service.ChatRoomManager   : User User9 joined room room18. Room size: 8
2025-10-31T19:50:20.762+05:30 DEBUG 13484 --- [RealTimeSecureChatApp] [ool-3-thread-18] c.e.chatserver.service.ChatRoomManager   : Adding user User9 to room room20
2025-10-31T19:50:20.761+05:30  INFO 13484 --- [RealTimeSecureChatApp] [ool-3-thread-16] c.e.chatserver.service.ChatRoomManager   : User User3 joined room room18. Room size: 5
2025-10-31T19:50:20.761+05:30  INFO 13484 --- [RealTimeSecureChatApp] [ool-3-thread-13] c.e.chatserver.service.ChatRoomManager   : User User8 joined room room18. Room size: 9
2025-10-31T19:50:20.761+05:30 DEBUG 13484 --- [RealTimeSecureChatApp] [ool-3-thread-11] c.e.chatserver.service.ChatRoomManager   : Adding user User5 to room room19
2025-10-31T19:50:20.762+05:30 DEBUG 13484 --- [RealTimeSecureChatApp] [ool-3-thread-13] c.e.chatserver.service.ChatRoomManager   : Adding user User2 to room room21
2025-10-31T19:50:20.761+05:30  INFO 13484 --- [RealTimeSecureChatApp] [ool-3-thread-14] c.e.chatserver.service.ChatRoomManager   : User User7 joined room room18. Room size: 10
2025-10-31T19:50:20.762+05:30  INFO 13484 --- [RealTimeSecureChatApp] [ool-3-thread-11] c.e.chatserver.service.ChatRoomManager   : User User5 joined room room19. Room size: 9
2025-10-31T19:50:20.761+05:30 DEBUG 13484 --- [RealTimeSecureChatApp] [pool-3-thread-8] c.e.chatserver.service.ChatRoomManager   : Adding user User8 to room room19
2025-10-31T19:50:20.762+05:30 DEBUG 13484 --- [RealTimeSecureChatApp] [ool-3-thread-14] c.e.chatserver.service.ChatRoomManager   : Adding user User3 to room room21
2025-10-31T19:50:20.762+05:30  INFO 13484 --- [RealTimeSecureChatApp] [ool-3-thread-20] c.e.chatserver.service.ChatRoomManager   : Creating new room: room20
2025-10-31T19:50:20.763+05:30  INFO 13484 --- [RealTimeSecureChatApp] [pool-3-thread-8] c.e.chatserver.service.ChatRoomManager   : User User8 joined room room19. Room size: 10
2025-10-31T19:50:20.763+05:30  INFO 13484 --- [RealTimeSecureChatApp] [ool-3-thread-18] c.e.chatserver.service.ChatRoomManager   : User User9 joined room room20. Room size: 2
2025-10-31T19:50:20.762+05:30 DEBUG 13484 --- [RealTimeSecureChatApp] [pool-3-thread-4] c.e.chatserver.service.ChatRoomManager   : Adding user User4 to room room20
2025-10-31T19:50:20.763+05:30 DEBUG 13484 --- [RealTimeSecureChatApp] [ool-3-thread-18] c.e.chatserver.service.ChatRoomManager   : Adding user User6 to room room21
2025-10-31T19:50:20.763+05:30  INFO 13484 --- [RealTimeSecureChatApp] [ool-3-thread-17] c.e.chatserver.service.ChatRoomManager   : User User5 joined room room20. Room size: 3
2025-10-31T19:50:20.763+05:30  INFO 13484 --- [RealTimeSecureChatApp] [ool-3-thread-15] c.e.chatserver.service.ChatRoomManager   : User User3 joined room room20. Room size: 5
2025-10-31T19:50:20.763+05:30 DEBUG 13484 --- [RealTimeSecureChatApp] [ool-3-thread-17] c.e.chatserver.service.ChatRoomManager   : Adding user User7 to room room21
2025-10-31T19:50:20.763+05:30 DEBUG 13484 --- [RealTimeSecureChatApp] [ool-3-thread-15] c.e.chatserver.service.ChatRoomManager   : Adding user User8 to room room21
2025-10-31T19:50:20.762+05:30 DEBUG 13484 --- [RealTimeSecureChatApp] [pool-3-thread-5] c.e.chatserver.service.ChatRoomManager   : Adding user User6 to room room20
2025-10-31T19:50:20.763+05:30  INFO 13484 --- [RealTimeSecureChatApp] [ool-3-thread-19] c.e.chatserver.service.ChatRoomManager   : User User2 joined room room20. Room size: 6
2025-10-31T19:50:20.763+05:30  INFO 13484 --- [RealTimeSecureChatApp] [pool-3-thread-5] c.e.chatserver.service.ChatRoomManager   : User User6 joined room room20. Room size: 7
2025-10-31T19:50:20.763+05:30  INFO 13484 --- [RealTimeSecureChatApp] [pool-3-thread-9] c.e.chatserver.service.ChatRoomManager   : User User1 joined room room20. Room size: 8
2025-10-31T19:50:20.763+05:30 DEBUG 13484 --- [RealTimeSecureChatApp] [pool-3-thread-5] c.e.chatserver.service.ChatRoomManager   : Adding user User0 to room room22
2025-10-31T19:50:20.763+05:30  INFO 13484 --- [RealTimeSecureChatApp] [pool-3-thread-5] c.e.chatserver.service.ChatRoomManager   : Creating new room: room22
2025-10-31T19:50:20.763+05:30  INFO 13484 --- [RealTimeSecureChatApp] [pool-3-thread-5] c.e.chatserver.service.ChatRoomManager   : User User0 joined room room22. Room size: 1
2025-10-31T19:50:20.763+05:30 DEBUG 13484 --- [RealTimeSecureChatApp] [pool-3-thread-5] c.e.chatserver.service.ChatRoomManager   : Adding user User2 to room room22
2025-10-31T19:50:20.762+05:30  INFO 13484 --- [RealTimeSecureChatApp] [ool-3-thread-12] c.e.chatserver.service.ChatRoomManager   : User User0 joined room room19. Room size: 2
2025-10-31T19:50:20.762+05:30  INFO 13484 --- [RealTimeSecureChatApp] [pool-3-thread-7] c.e.chatserver.service.ChatRoomManager   : User User3 joined room room19. Room size: 5
2025-10-31T19:50:20.762+05:30  INFO 13484 --- [RealTimeSecureChatApp] [ool-3-thread-10] c.e.chatserver.service.ChatRoomManager   : User User6 joined room room19. Room size: 7
2025-10-31T19:50:20.763+05:30 DEBUG 13484 --- [RealTimeSecureChatApp] [pool-3-thread-7] c.e.chatserver.service.ChatRoomManager   : Adding user User4 to room room22
2025-10-31T19:50:20.762+05:30 DEBUG 13484 --- [RealTimeSecureChatApp] [pool-3-thread-3] c.e.chatserver.service.ChatRoomManager   : Adding user User7 to room room20
2025-10-31T19:50:20.763+05:30 DEBUG 13484 --- [RealTimeSecureChatApp] [ool-3-thread-10] c.e.chatserver.service.ChatRoomManager   : Adding user User5 to room room22
2025-10-31T19:50:20.763+05:30  INFO 13484 --- [RealTimeSecureChatApp] [pool-3-thread-3] c.e.chatserver.service.ChatRoomManager   : User User7 joined room room20. Room size: 9
2025-10-31T19:50:20.762+05:30 DEBUG 13484 --- [RealTimeSecureChatApp] [pool-3-thread-2] c.e.chatserver.service.ChatRoomManager   : Adding user User8 to room room20
2025-10-31T19:50:20.762+05:30  INFO 13484 --- [RealTimeSecureChatApp] [pool-3-thread-6] c.e.chatserver.service.ChatRoomManager   : User User4 joined room room19. Room size: 8
2025-10-31T19:50:20.762+05:30 DEBUG 13484 --- [RealTimeSecureChatApp] [pool-3-thread-1] c.e.chatserver.service.ChatRoomManager   : Adding user User0 to room room21
2025-10-31T19:50:20.763+05:30 DEBUG 13484 --- [RealTimeSecureChatApp] [pool-3-thread-6] c.e.chatserver.service.ChatRoomManager   : Adding user User7 to room room22
2025-10-31T19:50:20.762+05:30 DEBUG 13484 --- [RealTimeSecureChatApp] [ool-3-thread-16] c.e.chatserver.service.ChatRoomManager   : Adding user User1 to room room21
2025-10-31T19:50:20.762+05:30  INFO 13484 --- [RealTimeSecureChatApp] [ool-3-thread-13] c.e.chatserver.service.ChatRoomManager   : Creating new room: room21
2025-10-31T19:50:20.763+05:30 DEBUG 13484 --- [RealTimeSecureChatApp] [ool-3-thread-11] c.e.chatserver.service.ChatRoomManager   : Adding user User4 to room room21
2025-10-31T19:50:20.763+05:30  INFO 13484 --- [RealTimeSecureChatApp] [ool-3-thread-13] c.e.chatserver.service.ChatRoomManager   : User User2 joined room room21. Room size: 1
2025-10-31T19:50:20.763+05:30  INFO 13484 --- [RealTimeSecureChatApp] [ool-3-thread-11] c.e.chatserver.service.ChatRoomManager   : User User4 joined room room21. Room size: 4
2025-10-31T19:50:20.763+05:30 DEBUG 13484 --- [RealTimeSecureChatApp] [ool-3-thread-13] c.e.chatserver.service.ChatRoomManager   : Adding user User8 to room room22
2025-10-31T19:50:20.763+05:30  INFO 13484 --- [RealTimeSecureChatApp] [pool-3-thread-1] c.e.chatserver.service.ChatRoomManager   : User User0 joined room room21. Room size: 3
2025-10-31T19:50:20.763+05:30 DEBUG 13484 --- [RealTimeSecureChatApp] [ool-3-thread-11] c.e.chatserver.service.ChatRoomManager   : Adding user User9 to room room22
2025-10-31T19:50:20.763+05:30  INFO 13484 --- [RealTimeSecureChatApp] [ool-3-thread-13] c.e.chatserver.service.ChatRoomManager   : User User8 joined room room22. Room size: 6
2025-10-31T19:50:20.763+05:30  INFO 13484 --- [RealTimeSecureChatApp] [ool-3-thread-20] c.e.chatserver.service.ChatRoomManager   : User User0 joined room room20. Room size: 1
2025-10-31T19:50:20.763+05:30  INFO 13484 --- [RealTimeSecureChatApp] [ool-3-thread-11] c.e.chatserver.service.ChatRoomManager   : User User9 joined room room22. Room size: 7
2025-10-31T19:50:20.763+05:30 DEBUG 13484 --- [RealTimeSecureChatApp] [pool-3-thread-8] c.e.chatserver.service.ChatRoomManager   : Adding user User5 to room room21
2025-10-31T19:50:20.763+05:30 DEBUG 13484 --- [RealTimeSecureChatApp] [ool-3-thread-11] c.e.chatserver.service.ChatRoomManager   : Adding user User3 to room room23
[...]
2025-10-31T19:50:20.810+05:30 DEBUG 13484 --- [RealTimeSecureChatApp] [pool-5-thread-7] c.e.chatserver.service.ChatRoomManager   : Removing user User6 from room general
2025-10-31T19:50:20.810+05:30  INFO 13484 --- [RealTimeSecureChatApp] [pool-5-thread-3] c.e.chatserver.service.ChatRoomManager   : User User25 left room general. Room size: 75
2025-10-31T19:50:20.810+05:30  INFO 13484 --- [RealTimeSecureChatApp] [pool-5-thread-8] c.e.chatserver.service.ChatRoomManager   : User User30 left room general. Room size: 73
2025-10-31T19:50:20.810+05:30  INFO 13484 --- [RealTimeSecureChatApp] [pool-5-thread-2] c.e.chatserver.service.ChatRoomManager   : User User35 left room general. Room size: 70
2025-10-31T19:50:20.811+05:30 DEBUG 13484 --- [RealTimeSecureChatApp] [pool-5-thread-3] c.e.chatserver.service.ChatRoomManager   : Removing user User50 from room general
2025-10-31T19:50:20.811+05:30  INFO 13484 --- [RealTimeSecureChatApp] [pool-5-thread-3] c.e.chatserver.service.ChatRoomManager   : User User50 left room general. Room size: 52
2025-10-31T19:50:20.811+05:30 DEBUG 13484 --- [RealTimeSecureChatApp] [pool-5-thread-2] c.e.chatserver.service.ChatRoomManager   : Removing user User52 from room general
2025-10-31T19:50:20.811+05:30 DEBUG 13484 --- [RealTimeSecureChatApp] [pool-5-thread-3] c.e.chatserver.service.ChatRoomManager   : Removing user User53 from room general
2025-10-31T19:50:20.811+05:30  INFO 13484 --- [RealTimeSecureChatApp] [pool-5-thread-3] c.e.chatserver.service.ChatRoomManager   : User User53 left room general. Room size: 51
2025-10-31T19:50:20.811+05:30 DEBUG 13484 --- [RealTimeSecureChatApp] [pool-5-thread-3] c.e.chatserver.service.ChatRoomManager   : Removing user User54 from room general
2025-10-31T19:50:20.811+05:30  INFO 13484 --- [RealTimeSecureChatApp] [pool-5-thread-3] c.e.chatserver.service.ChatRoomManager   : User User54 left room general. Room size: 50
2025-10-31T19:50:20.811+05:30 DEBUG 13484 --- [RealTimeSecureChatApp] [pool-5-thread-3] c.e.chatserver.service.ChatRoomManager   : Removing user User55 from room general
2025-10-31T19:50:20.811+05:30  INFO 13484 --- [RealTimeSecureChatApp] [pool-5-thread-3] c.e.chatserver.service.ChatRoomManager   : User User55 left room general. Room size: 49
2025-10-31T19:50:20.811+05:30 DEBUG 13484 --- [RealTimeSecureChatApp] [pool-5-thread-3] c.e.chatserver.service.ChatRoomManager   : Removing user User56 from room general
2025-10-31T19:50:20.811+05:30  INFO 13484 --- [RealTimeSecureChatApp] [pool-5-thread-3] c.e.chatserver.service.ChatRoomManager   : User User56 left room general. Room size: 48
2025-10-31T19:50:20.811+05:30 DEBUG 13484 --- [RealTimeSecureChatApp] [pool-5-thread-3] c.e.chatserver.service.ChatRoomManager   : Removing user User57 from room general
2025-10-31T19:50:20.811+05:30  INFO 13484 --- [RealTimeSecureChatApp] [pool-5-thread-3] c.e.chatserver.service.ChatRoomManager   : User User57 left room general. Room size: 47
2025-10-31T19:50:20.811+05:30 DEBUG 13484 --- [RealTimeSecureChatApp] [pool-5-thread-3] c.e.chatserver.service.ChatRoomManager   : Removing user User58 from room general
2025-10-31T19:50:20.811+05:30  INFO 13484 --- [RealTimeSecureChatApp] [pool-5-thread-2] c.e.chatserver.service.ChatRoomManager   : User User52 left room general. Room size: 46
2025-10-31T19:50:20.811+05:30 DEBUG 13484 --- [RealTimeSecureChatApp] [pool-5-thread-9] c.e.chatserver.service.ChatRoomManager   : Removing user User47 from room general
2025-10-31T19:50:20.811+05:30  INFO 13484 --- [RealTimeSecureChatApp] [pool-5-thread-9] c.e.chatserver.service.ChatRoomManager   : User User47 left room general. Room size: 44
2025-10-31T19:50:20.811+05:30 DEBUG 13484 --- [RealTimeSecureChatApp] [pool-5-thread-2] c.e.chatserver.service.ChatRoomManager   : Removing user User59 from room general
2025-10-31T19:50:20.811+05:30 DEBUG 13484 --- [RealTimeSecureChatApp] [pool-5-thread-9] c.e.chatserver.service.ChatRoomManager   : Removing user User60 from room general
2025-10-31T19:50:20.811+05:30  INFO 13484 --- [RealTimeSecureChatApp] [pool-5-thread-2] c.e.chatserver.service.ChatRoomManager   : User User59 left room general. Room size: 42
2025-10-31T19:50:20.811+05:30  INFO 13484 --- [RealTimeSecureChatApp] [pool-5-thread-4] c.e.chatserver.service.ChatRoomManager   : User User24 left room general. Room size: 56
2025-10-31T19:50:20.811+05:30 DEBUG 13484 --- [RealTimeSecureChatApp] [pool-5-thread-2] c.e.chatserver.service.ChatRoomManager   : Removing user User61 from room general
2025-10-31T19:50:20.811+05:30 DEBUG 13484 --- [RealTimeSecureChatApp] [ool-5-thread-10] c.e.chatserver.service.ChatRoomManager   : Removing user User9 from room general
2025-10-31T19:50:20.811+05:30 DEBUG 13484 --- [RealTimeSecureChatApp] [pool-5-thread-4] c.e.chatserver.service.ChatRoomManager   : Removing user User62 from room general
2025-10-31T19:50:20.811+05:30  INFO 13484 --- [RealTimeSecureChatApp] [pool-5-thread-4] c.e.chatserver.service.ChatRoomManager   : User User62 left room general. Room size: 39
2025-10-31T19:50:20.811+05:30 DEBUG 13484 --- [RealTimeSecureChatApp] [pool-5-thread-6] c.e.chatserver.service.ChatRoomManager   : Removing user User49 from room general
2025-10-31T19:50:20.811+05:30  INFO 13484 --- [RealTimeSecureChatApp] [pool-5-thread-5] c.e.chatserver.service.ChatRoomManager   : User User26 left room general. Room size: 55
2025-10-31T19:50:20.811+05:30 DEBUG 13484 --- [RealTimeSecureChatApp] [pool-5-thread-5] c.e.chatserver.service.ChatRoomManager   : Removing user User64 from room general
2025-10-31T19:50:20.811+05:30  INFO 13484 --- [RealTimeSecureChatApp] [pool-5-thread-1] c.e.chatserver.service.ChatRoomManager   : User User31 left room general. Room size: 54
2025-10-31T19:50:20.811+05:30  INFO 13484 --- [RealTimeSecureChatApp] [pool-5-thread-7] c.e.chatserver.service.ChatRoomManager   : User User6 left room general. Room size: 53
2025-10-31T19:50:20.811+05:30 DEBUG 13484 --- [RealTimeSecureChatApp] [pool-5-thread-7] c.e.chatserver.service.ChatRoomManager   : Removing user User66 from room general
2025-10-31T19:50:20.811+05:30 DEBUG 13484 --- [RealTimeSecureChatApp] [pool-5-thread-8] c.e.chatserver.service.ChatRoomManager   : Removing user User51 from room general
2025-10-31T19:50:20.811+05:30  INFO 13484 --- [RealTimeSecureChatApp] [pool-5-thread-3] c.e.chatserver.service.ChatRoomManager   : User User58 left room general. Room size: 45
2025-10-31T19:50:20.811+05:30  INFO 13484 --- [RealTimeSecureChatApp] [pool-5-thread-9] c.e.chatserver.service.ChatRoomManager   : User User60 left room general. Room size: 42
2025-10-31T19:50:20.812+05:30 DEBUG 13484 --- [RealTimeSecureChatApp] [pool-5-thread-3] c.e.chatserver.service.ChatRoomManager   : Removing user User67 from room general
2025-10-31T19:50:20.812+05:30 DEBUG 13484 --- [RealTimeSecureChatApp] [pool-5-thread-9] c.e.chatserver.service.ChatRoomManager   : Removing user User68 from room general
2025-10-31T19:50:20.812+05:30  INFO 13484 --- [RealTimeSecureChatApp] [pool-5-thread-3] c.e.chatserver.service.ChatRoomManager   : User User67 left room general. Room size: 34
2025-10-31T19:50:20.812+05:30  INFO 13484 --- [RealTimeSecureChatApp] [pool-5-thread-9] c.e.chatserver.service.ChatRoomManager   : User User68 left room general. Room size: 33
2025-10-31T19:50:20.812+05:30 DEBUG 13484 --- [RealTimeSecureChatApp] [pool-5-thread-3] c.e.chatserver.service.ChatRoomManager   : Removing user User69 from room general
2025-10-31T19:50:20.812+05:30 DEBUG 13484 --- [RealTimeSecureChatApp] [pool-5-thread-9] c.e.chatserver.service.ChatRoomManager   : Removing user User70 from room general
2025-10-31T19:50:20.812+05:30  INFO 13484 --- [RealTimeSecureChatApp] [pool-5-thread-3] c.e.chatserver.service.ChatRoomManager   : User User69 left room general. Room size: 32
2025-10-31T19:50:20.811+05:30  INFO 13484 --- [RealTimeSecureChatApp] [pool-5-thread-2] c.e.chatserver.service.ChatRoomManager   : User User61 left room general. Room size: 41
2025-10-31T19:50:20.811+05:30  INFO 13484 --- [RealTimeSecureChatApp] [ool-5-thread-10] c.e.chatserver.service.ChatRoomManager   : User User9 left room general. Room size: 40
2025-10-31T19:50:20.812+05:30  INFO 13484 --- [RealTimeSecureChatApp] [pool-5-thread-9] c.e.chatserver.service.ChatRoomManager   : User User70 left room general. Room size: 31
2025-10-31T19:50:20.812+05:30 DEBUG 13484 --- [RealTimeSecureChatApp] [pool-5-thread-2] c.e.chatserver.service.ChatRoomManager   : Removing user User72 from room general
2025-10-31T19:50:20.812+05:30 DEBUG 13484 --- [RealTimeSecureChatApp] [ool-5-thread-10] c.e.chatserver.service.ChatRoomManager   : Removing user User73 from room general
2025-10-31T19:50:20.812+05:30 DEBUG 13484 --- [RealTimeSecureChatApp] [pool-5-thread-9] c.e.chatserver.service.ChatRoomManager   : Removing user User74 from room general
2025-10-31T19:50:20.812+05:30  INFO 13484 --- [RealTimeSecureChatApp] [pool-5-thread-2] c.e.chatserver.service.ChatRoomManager   : User User72 left room general. Room size: 30
2025-10-31T19:50:20.812+05:30  INFO 13484 --- [RealTimeSecureChatApp] [pool-5-thread-9] c.e.chatserver.service.ChatRoomManager   : User User74 left room general. Room size: 28
2025-10-31T19:50:20.812+05:30 DEBUG 13484 --- [RealTimeSecureChatApp] [pool-5-thread-9] c.e.chatserver.service.ChatRoomManager   : Removing user User76 from room general
2025-10-31T19:50:20.812+05:30  INFO 13484 --- [RealTimeSecureChatApp] [pool-5-thread-9] c.e.chatserver.service.ChatRoomManager   : User User76 left room general. Room size: 27
2025-10-31T19:50:20.812+05:30 DEBUG 13484 --- [RealTimeSecureChatApp] [pool-5-thread-9] c.e.chatserver.service.ChatRoomManager   : Removing user User77 from room general
2025-10-31T19:50:20.812+05:30  INFO 13484 --- [RealTimeSecureChatApp] [pool-5-thread-9] c.e.chatserver.service.ChatRoomManager   : User User77 left room general. Room size: 26
2025-10-31T19:50:20.812+05:30 DEBUG 13484 --- [RealTimeSecureChatApp] [pool-5-thread-9] c.e.chatserver.service.ChatRoomManager   : Removing user User78 from room general
2025-10-31T19:50:20.812+05:30  INFO 13484 --- [RealTimeSecureChatApp] [pool-5-thread-9] c.e.chatserver.service.ChatRoomManager   : User User78 left room general. Room size: 25
2025-10-31T19:50:20.811+05:30 DEBUG 13484 --- [RealTimeSecureChatApp] [pool-5-thread-4] c.e.chatserver.service.ChatRoomManager   : Removing user User63 from room general
2025-10-31T19:50:20.811+05:30  INFO 13484 --- [RealTimeSecureChatApp] [pool-5-thread-6] c.e.chatserver.service.ChatRoomManager   : User User49 left room general. Room size: 38
2025-10-31T19:50:20.812+05:30  INFO 13484 --- [RealTimeSecureChatApp] [pool-5-thread-4] c.e.chatserver.service.ChatRoomManager   : User User63 left room general. Room size: 24
2025-10-31T19:50:20.811+05:30  INFO 13484 --- [RealTimeSecureChatApp] [pool-5-thread-5] c.e.chatserver.service.ChatRoomManager   : User User64 left room general. Room size: 37
2025-10-31T19:50:20.812+05:30 DEBUG 13484 --- [RealTimeSecureChatApp] [pool-5-thread-4] c.e.chatserver.service.ChatRoomManager   : Removing user User81 from room general
2025-10-31T19:50:20.811+05:30 DEBUG 13484 --- [RealTimeSecureChatApp] [pool-5-thread-1] c.e.chatserver.service.ChatRoomManager   : Removing user User65 from room general
2025-10-31T19:50:20.812+05:30 DEBUG 13484 --- [RealTimeSecureChatApp] [pool-5-thread-3] c.e.chatserver.service.ChatRoomManager   : Removing user User71 from room general
2025-10-31T19:50:20.812+05:30 DEBUG 13484 --- [RealTimeSecureChatApp] [pool-5-thread-5] c.e.chatserver.service.ChatRoomManager   : Removing user User82 from room general
2025-10-31T19:50:20.812+05:30  INFO 13484 --- [RealTimeSecureChatApp] [ool-5-thread-10] c.e.chatserver.service.ChatRoomManager   : User User73 left room general. Room size: 29
2025-10-31T19:50:20.812+05:30 DEBUG 13484 --- [RealTimeSecureChatApp] [pool-5-thread-2] c.e.chatserver.service.ChatRoomManager   : Removing user User75 from room general
2025-10-31T19:50:20.812+05:30  INFO 13484 --- [RealTimeSecureChatApp] [pool-5-thread-8] c.e.chatserver.service.ChatRoomManager   : User User51 left room general. Room size: 35
2025-10-31T19:50:20.812+05:30  INFO 13484 --- [RealTimeSecureChatApp] [pool-5-thread-2] c.e.chatserver.service.ChatRoomManager   : User User75 left room general. Room size: 19
2025-10-31T19:50:20.812+05:30 DEBUG 13484 --- [RealTimeSecureChatApp] [pool-5-thread-8] c.e.chatserver.service.ChatRoomManager   : Removing user User84 from room general
2025-10-31T19:50:20.812+05:30 DEBUG 13484 --- [RealTimeSecureChatApp] [pool-5-thread-9] c.e.chatserver.service.ChatRoomManager   : Removing user User79 from room general
2025-10-31T19:50:20.812+05:30  INFO 13484 --- [RealTimeSecureChatApp] [pool-5-thread-8] c.e.chatserver.service.ChatRoomManager   : User User84 left room general. Room size: 18
2025-10-31T19:50:20.812+05:30  INFO 13484 --- [RealTimeSecureChatApp] [pool-5-thread-9] c.e.chatserver.service.ChatRoomManager   : User User79 left room general. Room size: 17
2025-10-31T19:50:20.812+05:30  INFO 13484 --- [RealTimeSecureChatApp] [pool-5-thread-7] c.e.chatserver.service.ChatRoomManager   : User User66 left room general. Room size: 36
2025-10-31T19:50:20.812+05:30 DEBUG 13484 --- [RealTimeSecureChatApp] [pool-5-thread-7] c.e.chatserver.service.ChatRoomManager   : Removing user User88 from room general
2025-10-31T19:50:20.812+05:30 DEBUG 13484 --- [RealTimeSecureChatApp] [pool-5-thread-6] c.e.chatserver.service.ChatRoomManager   : Removing user User80 from room general
2025-10-31T19:50:20.812+05:30  INFO 13484 --- [RealTimeSecureChatApp] [pool-5-thread-7] c.e.chatserver.service.ChatRoomManager   : User User88 left room general. Room size: 16
2025-10-31T19:50:20.812+05:30  INFO 13484 --- [RealTimeSecureChatApp] [pool-5-thread-6] c.e.chatserver.service.ChatRoomManager   : User User80 left room general. Room size: 15
2025-10-31T19:50:20.812+05:30 DEBUG 13484 --- [RealTimeSecureChatApp] [pool-5-thread-7] c.e.chatserver.service.ChatRoomManager   : Removing user User89 from room general
2025-10-31T19:50:20.812+05:30  INFO 13484 --- [RealTimeSecureChatApp] [pool-5-thread-4] c.e.chatserver.service.ChatRoomManager   : User User81 left room general. Room size: 23
2025-10-31T19:50:20.812+05:30  INFO 13484 --- [RealTimeSecureChatApp] [pool-5-thread-1] c.e.chatserver.service.ChatRoomManager   : User User65 left room general. Room size: 22
2025-10-31T19:50:20.812+05:30 DEBUG 13484 --- [RealTimeSecureChatApp] [pool-5-thread-4] c.e.chatserver.service.ChatRoomManager   : Removing user User91 from room general
2025-10-31T19:50:20.812+05:30  INFO 13484 --- [RealTimeSecureChatApp] [pool-5-thread-3] c.e.chatserver.service.ChatRoomManager   : User User71 left room general. Room size: 21
2025-10-31T19:50:20.812+05:30  INFO 13484 --- [RealTimeSecureChatApp] [pool-5-thread-4] c.e.chatserver.service.ChatRoomManager   : User User91 left room general. Room size: 13
2025-10-31T19:50:20.812+05:30 DEBUG 13484 --- [RealTimeSecureChatApp] [pool-5-thread-1] c.e.chatserver.service.ChatRoomManager   : Removing user User92 from room general
2025-10-31T19:50:20.812+05:30 DEBUG 13484 --- [RealTimeSecureChatApp] [pool-5-thread-4] c.e.chatserver.service.ChatRoomManager   : Removing user User94 from room general
2025-10-31T19:50:20.812+05:30  INFO 13484 --- [RealTimeSecureChatApp] [pool-5-thread-5] c.e.chatserver.service.ChatRoomManager   : User User82 left room general. Room size: 20
2025-10-31T19:50:20.812+05:30 DEBUG 13484 --- [RealTimeSecureChatApp] [pool-5-thread-2] c.e.chatserver.service.ChatRoomManager   : Removing user User85 from room general
2025-10-31T19:50:20.812+05:30 DEBUG 13484 --- [RealTimeSecureChatApp] [pool-5-thread-5] c.e.chatserver.service.ChatRoomManager   : Removing user User95 from room general
2025-10-31T19:50:20.812+05:30 DEBUG 13484 --- [RealTimeSecureChatApp] [ool-5-thread-10] c.e.chatserver.service.ChatRoomManager   : Removing user User83 from room general
2025-10-31T19:50:20.812+05:30 DEBUG 13484 --- [RealTimeSecureChatApp] [pool-5-thread-9] c.e.chatserver.service.ChatRoomManager   : Removing user User87 from room general
2025-10-31T19:50:20.812+05:30  INFO 13484 --- [RealTimeSecureChatApp] [ool-5-thread-10] c.e.chatserver.service.ChatRoomManager   : User User83 left room general. Room size: 8
2025-10-31T19:50:20.812+05:30  INFO 13484 --- [RealTimeSecureChatApp] [pool-5-thread-9] c.e.chatserver.service.ChatRoomManager   : User User87 left room general. Room size: 7
2025-10-31T19:50:20.812+05:30 DEBUG 13484 --- [RealTimeSecureChatApp] [pool-5-thread-8] c.e.chatserver.service.ChatRoomManager   : Removing user User86 from room general
2025-10-31T19:50:20.812+05:30  INFO 13484 --- [RealTimeSecureChatApp] [pool-5-thread-8] c.e.chatserver.service.ChatRoomManager   : User User86 left room general. Room size: 6
2025-10-31T19:50:20.812+05:30 DEBUG 13484 --- [RealTimeSecureChatApp] [pool-5-thread-6] c.e.chatserver.service.ChatRoomManager   : Removing user User90 from room general
2025-10-31T19:50:20.812+05:30 DEBUG 13484 --- [RealTimeSecureChatApp] [pool-5-thread-8] c.e.chatserver.service.ChatRoomManager   : Removing user User98 from room general
2025-10-31T19:50:20.812+05:30 DEBUG 13484 --- [RealTimeSecureChatApp] [ool-5-thread-10] c.e.chatserver.service.ChatRoomManager   : Removing user User96 from room general
2025-10-31T19:50:20.812+05:30 DEBUG 13484 --- [RealTimeSecureChatApp] [pool-5-thread-9] c.e.chatserver.service.ChatRoomManager   : Removing user User97 from room general
2025-10-31T19:50:20.812+05:30  INFO 13484 --- [RealTimeSecureChatApp] [pool-5-thread-8] c.e.chatserver.service.ChatRoomManager   : User User98 left room general. Room size: 4
2025-10-31T19:50:20.812+05:30  INFO 13484 --- [RealTimeSecureChatApp] [pool-5-thread-7] c.e.chatserver.service.ChatRoomManager   : User User89 left room general. Room size: 14
2025-10-31T19:50:20.812+05:30  INFO 13484 --- [RealTimeSecureChatApp] [pool-5-thread-9] c.e.chatserver.service.ChatRoomManager   : User User97 left room general. Room size: 2
2025-10-31T19:50:20.812+05:30 DEBUG 13484 --- [RealTimeSecureChatApp] [pool-5-thread-3] c.e.chatserver.service.ChatRoomManager   : Removing user User93 from room general
2025-10-31T19:50:20.812+05:30  INFO 13484 --- [RealTimeSecureChatApp] [pool-5-thread-1] c.e.chatserver.service.ChatRoomManager   : User User92 left room general. Room size: 12
2025-10-31T19:50:20.812+05:30  INFO 13484 --- [RealTimeSecureChatApp] [pool-5-thread-3] c.e.chatserver.service.ChatRoomManager   : User User93 left room general. Room size: 1
2025-10-31T19:50:20.812+05:30  INFO 13484 --- [RealTimeSecureChatApp] [pool-5-thread-4] c.e.chatserver.service.ChatRoomManager   : User User94 left room general. Room size: 11
2025-10-31T19:50:20.812+05:30  INFO 13484 --- [RealTimeSecureChatApp] [pool-5-thread-5] c.e.chatserver.service.ChatRoomManager   : User User95 left room general. Room size: 9
2025-10-31T19:50:20.812+05:30  INFO 13484 --- [RealTimeSecureChatApp] [pool-5-thread-2] c.e.chatserver.service.ChatRoomManager   : User User85 left room general. Room size: 10
2025-10-31T19:50:20.812+05:30  INFO 13484 --- [RealTimeSecureChatApp] [pool-5-thread-6] c.e.chatserver.service.ChatRoomManager   : User User90 left room general. Room size: 5
2025-10-31T19:50:20.812+05:30  INFO 13484 --- [RealTimeSecureChatApp] [ool-5-thread-10] c.e.chatserver.service.ChatRoomManager   : User User96 left room general. Room size: 3
2025-10-31T19:50:20.812+05:30 DEBUG 13484 --- [RealTimeSecureChatApp] [pool-5-thread-8] c.e.chatserver.service.ChatRoomManager   : Removing user User99 from room general
2025-10-31T19:50:20.813+05:30  INFO 13484 --- [RealTimeSecureChatApp] [pool-5-thread-8] c.e.chatserver.service.ChatRoomManager   : User User99 left room general. Room size: 0
2025-10-31T19:50:20.813+05:30  INFO 13484 --- [RealTimeSecureChatApp] [pool-5-thread-8] c.e.chatserver.service.ChatRoomManager   : Room general is empty and has been removed
]]></system-out>
  </testcase>
</testsuite>